TN:
SF:script/DeployUtility.sol
FN:20,DeployUtility._setUp
FNDA:0,DeployUtility._setUp
DA:21,0
FN:31,DeployUtility._saveDeploymentAddress
FNDA:0,DeployUtility._saveDeploymentAddress
DA:32,0
DA:33,0
DA:34,0
DA:35,0
DA:36,0
DA:38,0
BRDA:38,0,0,-
BRDA:38,0,1,-
DA:39,0
DA:40,0
DA:42,0
DA:45,0
DA:47,0
DA:48,0
BRDA:48,1,0,-
BRDA:48,1,1,-
DA:49,0
DA:50,0
DA:52,0
DA:53,0
DA:57,0
BRDA:57,2,0,-
BRDA:57,2,1,-
DA:58,0
DA:61,0
FN:71,DeployUtility._loadDeploymentAddress
FNDA:0,DeployUtility._loadDeploymentAddress
DA:72,0
DA:73,0
DA:75,0
BRDA:75,3,0,-
BRDA:75,3,1,-
DA:76,0
DA:77,0
DA:78,0
DA:79,0
BRDA:79,4,0,-
BRDA:79,4,1,-
DA:80,0
DA:85,0
FNF:3
FNH:0
LF:29
LH:0
BRF:10
BRH:0
end_of_record
TN:
SF:script/deploy/DeployToUnreal.s.sol
FN:46,DeployToUnreal.setUp
FNDA:0,DeployToUnreal.setUp
DA:47,0
DA:48,0
FN:53,DeployToUnreal.run
FNDA:0,DeployToUnreal.run
DA:54,0
DA:60,0
DA:61,0
DA:62,0
DA:64,0
DA:65,0
DA:66,0
DA:69,0
DA:70,0
DA:78,0
DA:81,0
DA:84,0
DA:87,0
DA:88,0
DA:92,0
DA:95,0
DA:101,0
DA:103,0
DA:105,0
DA:107,0
DA:109,0
DA:115,0
DA:116,0
DA:117,0
DA:118,0
DA:119,0
DA:121,0
FNF:2
FNH:0
LF:29
LH:0
BRF:0
BRH:0
end_of_record
TN:
SF:script/deploy/UpgradeMinter.s.sol
FN:40,UpgradeMinter.setUp
FNDA:0,UpgradeMinter.setUp
DA:41,0
DA:42,0
DA:43,0
DA:44,0
FN:49,UpgradeMinter.run
FNDA:0,UpgradeMinter.run
DA:50,0
DA:52,0
DA:53,0
DA:55,0
FNF:2
FNH:0
LF:8
LH:0
BRF:0
BRH:0
end_of_record
TN:
SF:src/CustodianManager.sol
FN:61,CustodianManager.initialize
FNDA:0,CustodianManager.initialize
DA:62,0
DA:63,0
DA:65,0
FN:77,CustodianManager.withdrawFunds
FNDA:5,CustodianManager.withdrawFunds
DA:78,4
DA:79,4
BRDA:79,0,0,1
BRDA:79,0,1,3
DA:80,3
BRDA:80,1,0,-
BRDA:80,1,1,3
DA:83,3
DA:85,3
DA:87,3
FN:97,CustodianManager.updateCustodian
FNDA:0,CustodianManager.updateCustodian
DA:98,0
DA:99,0
DA:100,0
DA:101,0
FN:111,CustodianManager.updateTaskAddress
FNDA:0,CustodianManager.updateTaskAddress
DA:112,0
DA:113,0
DA:114,0
DA:115,0
FN:126,CustodianManager.withdrawable
FNDA:2,CustodianManager.withdrawable
DA:127,6
DA:128,6
DA:130,6
BRDA:130,2,0,5
BRDA:130,2,1,1
DA:132,5
DA:136,1
FN:153,CustodianManager._withdrawAssets
FNDA:3,CustodianManager._withdrawAssets
DA:154,3
DA:155,3
DA:156,3
DA:158,3
FN:161,CustodianManager._authorizeUpgrade
FNDA:3,CustodianManager._authorizeUpgrade
FNF:7
FNH:4
LF:26
LH:15
BRF:6
BRH:5
end_of_record
TN:
SF:src/USDa.sol
FN:54,USDa.initialize
FNDA:2,USDa.initialize
DA:55,2
BRDA:55,0,0,-
BRDA:55,0,1,2
DA:56,2
BRDA:56,1,0,-
BRDA:56,1,1,2
DA:58,2
DA:59,2
DA:60,2
FN:69,USDa.setRebaseIndex
FNDA:2576,USDa.setRebaseIndex
DA:70,2576
BRDA:70,2,0,-
BRDA:70,2,1,2576
DA:71,2576
DA:73,2576
BRDA:73,3,0,1288
BRDA:73,3,1,1288
DA:74,1288
DA:76,1288
FN:85,USDa.disableRebase
FNDA:187,USDa.disableRebase
DA:86,187
BRDA:86,4,0,-
BRDA:86,4,1,187
DA:87,187
BRDA:87,5,0,-
BRDA:87,5,1,187
DA:88,187
FN:94,USDa.setSupplyLimit
FNDA:1,USDa.setSupplyLimit
DA:95,1
BRDA:95,6,0,-
BRDA:95,6,1,1
DA:96,1
DA:97,1
FN:103,USDa.setTaxManager
FNDA:0,USDa.setTaxManager
DA:104,0
BRDA:104,7,0,-
BRDA:104,7,1,-
DA:105,0
DA:106,0
FN:112,USDa.setRebaseManager
FNDA:2,USDa.setRebaseManager
DA:113,1
BRDA:113,8,0,-
BRDA:113,8,1,1
DA:114,1
DA:115,1
FN:121,USDa.setMinter
FNDA:5,USDa.setMinter
DA:122,3
DA:123,3
FN:129,USDa.mint
FNDA:5674,USDa.mint
DA:130,5674
BRDA:130,9,0,2
BRDA:130,9,1,5672
DA:131,5672
FN:137,USDa.burn
FNDA:0,USDa.burn
DA:138,0
FN:144,USDa.burnFrom
FNDA:1565,USDa.burnFrom
DA:145,1565
DA:146,1565
FN:152,USDa.renounceOwnership
FNDA:1,USDa.renounceOwnership
DA:153,1
FN:158,USDa._update
FNDA:8522,USDa._update
DA:159,8522
DA:160,8522
BRDA:160,10,0,1
BRDA:160,10,1,8521
FN:167,USDa._authorizeUpgrade
FNDA:3,USDa._authorizeUpgrade
FNF:13
FNH:11
LF:32
LH:28
BRF:22
BRH:13
end_of_record
TN:
SF:src/USDaFeeCollector.sol
FN:54,USDaFeeCollector.distributeUSDa
FNDA:257,USDaFeeCollector.distributeUSDa
DA:55,257
DA:56,257
DA:57,257
DA:59,257
DA:60,514
DA:62,514
DA:66,257
DA:67,514
DA:68,514
DA:70,514
DA:71,514
DA:74,514
FN:84,USDaFeeCollector.updateRewardDistribution
FNDA:0,USDaFeeCollector.updateRewardDistribution
DA:85,0
DA:86,0
BRDA:86,0,0,-
BRDA:86,0,1,-
DA:88,0
DA:90,0
DA:91,0
FN:97,USDaFeeCollector.getDistributors
FNDA:0,USDaFeeCollector.getDistributors
DA:98,0
FN:104,USDaFeeCollector.getRatios
FNDA:0,USDaFeeCollector.getRatios
DA:105,0
FN:111,USDaFeeCollector.getDjUsdBalance
FNDA:0,USDaFeeCollector.getDjUsdBalance
DA:112,257
FNF:5
FNH:1
LF:20
LH:13
BRF:2
BRH:0
end_of_record
TN:
SF:src/USDaMinter.sol
FN:86,USDaMinter._getUSDaMinterStorage
FNDA:36590,USDaMinter._getUSDaMinterStorage
DA:89,36590
FN:217,USDaMinter._authorizeUpgrade
FNDA:3,USDaMinter._authorizeUpgrade
FN:232,USDaMinter.initialize
FNDA:1,USDaMinter.initialize
DA:233,1
DA:234,1
DA:235,1
DA:237,1
DA:238,1
DA:239,1
DA:240,1
DA:241,1
DA:242,1
FN:253,USDaMinter.setClaimDelay
FNDA:1,USDaMinter.setClaimDelay
DA:254,1
DA:255,1
DA:256,1
DA:257,1
FN:266,USDaMinter.setCoverageRatio
FNDA:4,USDaMinter.setCoverageRatio
DA:267,3
DA:268,2
DA:269,2
DA:270,1
DA:271,1
FN:284,USDaMinter.withdrawFunds
FNDA:8,USDaMinter.withdrawFunds
DA:285,7
DA:286,7
DA:287,7
DA:289,7
BRDA:289,0,0,-
BRDA:289,0,1,6
DA:290,6
DA:292,6
DA:293,6
BRDA:293,1,0,-
BRDA:293,1,1,6
DA:294,6
DA:295,6
DA:299,1
FN:314,USDaMinter.modifyWhitelist
FNDA:4,USDaMinter.modifyWhitelist
DA:315,3
DA:316,2
DA:317,2
DA:318,1
DA:319,1
FN:336,USDaMinter.addSupportedAsset
FNDA:5,USDaMinter.addSupportedAsset
DA:337,5
DA:338,4
DA:339,3
DA:340,3
DA:341,3
DA:342,2
DA:343,2
DA:344,2
DA:346,2
DA:347,2
BRDA:347,2,0,2
BRDA:347,2,1,2
DA:348,2
DA:350,2
FN:363,USDaMinter.removeSupportedAsset
FNDA:4,USDaMinter.removeSupportedAsset
DA:364,3
DA:365,3
DA:366,3
DA:367,3
FN:382,USDaMinter.restoreAsset
FNDA:1,USDaMinter.restoreAsset
DA:383,1
DA:384,1
DA:385,1
DA:386,1
DA:387,1
DA:388,1
FN:401,USDaMinter.updateCustodian
FNDA:1,USDaMinter.updateCustodian
DA:402,1
DA:403,1
DA:404,1
DA:405,1
DA:406,1
FN:418,USDaMinter.updateAdmin
FNDA:4,USDaMinter.updateAdmin
DA:419,3
DA:420,2
DA:421,2
DA:422,1
DA:423,1
FN:435,USDaMinter.updateWhitelister
FNDA:4,USDaMinter.updateWhitelister
DA:436,3
DA:437,2
DA:438,2
DA:439,1
DA:440,1
FN:460,USDaMinter.mint
FNDA:1801,USDaMinter.mint
DA:467,1799
DA:468,1799
DA:470,1799
DA:472,1799
DA:473,1799
DA:476,1798
DA:479,1798
BRDA:479,3,0,-
BRDA:479,3,1,1798
DA:480,0
DA:483,1798
FN:498,USDaMinter.requestTokens
FNDA:1565,USDaMinter.requestTokens
DA:499,1565
DA:500,1565
DA:501,1565
DA:502,1565
DA:503,1565
DA:504,1565
DA:505,1565
DA:506,1565
DA:507,1565
DA:509,1565
DA:511,1565
DA:512,1565
FN:532,USDaMinter.updateClaimTimestamp
FNDA:1,USDaMinter.updateClaimTimestamp
DA:536,1
DA:537,1
DA:538,1
DA:539,1
DA:540,1
DA:541,1
FN:548,USDaMinter.custodian
FNDA:4,USDaMinter.custodian
DA:549,4
FN:556,USDaMinter.admin
FNDA:3,USDaMinter.admin
DA:557,3
FN:564,USDaMinter.whitelister
FNDA:3,USDaMinter.whitelister
DA:565,3
FN:572,USDaMinter.isWhitelisted
FNDA:2,USDaMinter.isWhitelisted
DA:573,2
FN:579,USDaMinter.clock
FNDA:0,USDaMinter.clock
DA:580,6228
FN:587,USDaMinter.CLOCK_MODE
FNDA:0,USDaMinter.CLOCK_MODE
DA:588,0
FN:598,USDaMinter.claimDelay
FNDA:2584,USDaMinter.claimDelay
DA:599,2584
FN:607,USDaMinter.coverageRatio
FNDA:3,USDaMinter.coverageRatio
DA:608,3
FN:617,USDaMinter.isSupportedAsset
FNDA:7,USDaMinter.isSupportedAsset
DA:618,7
DA:619,7
FN:634,USDaMinter.claimableTokens
FNDA:4658,USDaMinter.claimableTokens
DA:640,4658
DA:641,4658
DA:643,4658
DA:644,4658
BRDA:644,4,0,-
BRDA:644,4,1,4658
DA:646,4658
DA:647,4658
FN:663,USDaMinter.claimTokens
FNDA:522,USDaMinter.claimTokens
DA:664,522
DA:665,522
DA:667,522
DA:668,522
DA:670,521
DA:671,521
DA:672,521
DA:674,521
DA:676,521
BRDA:676,5,0,1
BRDA:676,5,1,520
DA:678,1
DA:682,520
DA:684,520
DA:686,520
FN:700,USDaMinter.getRedemptionRequests
FNDA:4,USDaMinter.getRedemptionRequests
DA:705,4
DA:706,4
DA:707,4
DA:708,4
BRDA:708,6,0,-
BRDA:708,6,1,-
DA:709,1
DA:711,3
DA:712,3
BRDA:712,7,0,2
BRDA:712,7,1,3
DA:713,2
DA:716,3
DA:718,3
DA:719,20
DA:721,20
DA:722,20
FN:743,USDaMinter.getRedemptionRequests
FNDA:2597,USDaMinter.getRedemptionRequests
DA:748,2597
DA:749,2597
DA:750,2597
DA:751,2597
DA:752,2597
BRDA:752,8,0,-
BRDA:752,8,1,-
DA:753,522
DA:755,2075
DA:756,2075
BRDA:756,9,0,2075
BRDA:756,9,1,2075
DA:757,2075
DA:760,2075
DA:762,2075
DA:763,2077
DA:765,2077
DA:766,2077
FN:781,USDaMinter.getAllAssets
FNDA:3,USDaMinter.getAllAssets
DA:782,3
DA:783,3
FN:794,USDaMinter.getActiveAssets
FNDA:5,USDaMinter.getActiveAssets
DA:795,5
DA:797,5
DA:798,5
DA:800,5
DA:802,17
DA:804,12
DA:806,12
DA:807,12
BRDA:807,10,0,-
BRDA:807,10,1,12
DA:809,12
DA:811,12
FN:821,USDaMinter.getPendingClaims
FNDA:4664,USDaMinter.getPendingClaims
DA:822,4664
DA:823,4664
FN:836,USDaMinter.quoteMint
FNDA:513,USDaMinter.quoteMint
DA:842,513
DA:843,513
BRDA:843,11,0,-
BRDA:843,11,1,257
DA:844,513
DA:845,513
BRDA:845,12,0,-
BRDA:845,12,1,257
DA:846,257
DA:847,257
DA:848,257
DA:851,513
FN:865,USDaMinter.requiredTokens
FNDA:3,USDaMinter.requiredTokens
DA:866,3
DA:867,3
DA:868,3
DA:869,3
BRDA:869,13,0,3
BRDA:869,13,1,3
DA:871,3
FN:889,USDaMinter._calculateClaimableTokens
FNDA:4658,USDaMinter._calculateClaimableTokens
DA:890,4658
DA:891,4658
DA:892,4658
DA:893,4658
DA:894,4658
DA:896,6214
DA:897,4142
DA:898,4142
DA:899,4142
BRDA:899,14,0,1556
BRDA:899,14,1,2586
DA:900,1556
DA:902,1556
DA:904,1556
DA:907,2586
DA:910,1556
FN:927,USDaMinter._claimTokens
FNDA:521,USDaMinter._claimTokens
DA:934,521
DA:935,521
DA:937,521
DA:938,521
DA:939,521
DA:940,521
BRDA:940,15,0,1
BRDA:940,15,1,519
DA:941,520
DA:942,520
DA:943,520
BRDA:943,16,0,1
BRDA:943,16,1,519
DA:945,520
DA:947,520
DA:950,1
DA:953,0
DA:957,521
FN:970,USDaMinter._updateClaim
FNDA:520,USDaMinter._updateClaim
DA:971,520
DA:972,520
DA:974,520
DA:976,520
BRDA:976,17,0,-
BRDA:976,17,1,520
DA:977,0
DA:979,0
DA:980,0
DA:983,520
DA:985,520
DA:986,520
DA:988,520
DA:989,520
DA:991,520
FN:1008,USDaMinter._pullAssets
FNDA:1799,USDaMinter._pullAssets
DA:1012,1799
DA:1013,1799
DA:1014,1799
DA:1016,1799
FN:1030,USDaMinter._unsafeRedemptionRequestAccess
FNDA:6760,USDaMinter._unsafeRedemptionRequestAccess
DA:1037,6760
FN:1056,USDaMinter._unsafeRedemptionRequestByAssetAccess
FNDA:6740,USDaMinter._unsafeRedemptionRequestByAssetAccess
DA:1061,6740
DA:1062,6740
FNF:40
FNH:38
LF:229
LH:223
BRF:36
BRH:24
end_of_record
TN:
SF:src/USDaPointsBoostingVault.sol
FN:41,USDaPointsBoostVault.previewDeposit
FNDA:1,USDaPointsBoostVault.previewDeposit
DA:42,1
FN:53,USDaPointsBoostVault.previewRedeem
FNDA:513,USDaPointsBoostVault.previewRedeem
DA:54,513
BRDA:54,0,0,93
BRDA:54,0,1,420
DA:55,93
DA:57,420
DA:58,420
DA:59,420
FN:70,USDaPointsBoostVault.deposit
FNDA:257,USDaPointsBoostVault.deposit
DA:71,257
DA:72,257
DA:73,257
FN:83,USDaPointsBoostVault.redeem
FNDA:513,USDaPointsBoostVault.redeem
DA:84,513
DA:85,513
DA:86,513
FN:95,USDaPointsBoostVault._pullUSDa
FNDA:257,USDaPointsBoostVault._pullUSDa
DA:96,257
DA:97,257
DA:98,257
DA:99,257
FN:108,USDaPointsBoostVault._pushUSDa
FNDA:513,USDaPointsBoostVault._pushUSDa
DA:109,513
DA:110,513
DA:111,513
DA:112,513
FNF:6
FNH:6
LF:20
LH:20
BRF:2
BRH:2
end_of_record
TN:
SF:src/USDaTaxManager.sol
FN:49,USDaTaxManager.collectOnRebase
FNDA:1288,USDaTaxManager.collectOnRebase
DA:50,1288
BRDA:50,0,0,-
BRDA:50,0,1,1288
DA:51,1288
DA:52,1288
DA:53,1288
DA:54,1288
DA:55,1288
BRDA:55,1,0,-
BRDA:55,1,1,1288
DA:57,1288
DA:58,1288
DA:59,1288
DA:60,1288
DA:62,1288
DA:63,1288
DA:64,1288
DA:67,1288
DA:68,1288
BRDA:68,2,0,-
BRDA:68,2,1,1288
DA:69,1288
FN:76,USDaTaxManager.setTaxRate
FNDA:0,USDaTaxManager.setTaxRate
DA:77,0
BRDA:77,3,0,-
BRDA:77,3,1,-
DA:78,0
DA:79,0
FN:85,USDaTaxManager.setFeeCollector
FNDA:0,USDaTaxManager.setFeeCollector
DA:86,0
BRDA:86,4,0,-
BRDA:86,4,1,-
DA:87,0
DA:88,0
FNF:3
FNH:1
LF:22
LH:16
BRF:10
BRH:3
end_of_record
TN:
SF:src/libraries/CommonValidations.sol
FN:24,CommonValidations.requireAbsentAddress
FNDA:0,CommonValidations.requireAbsentAddress
DA:25,0
BRDA:25,0,0,-
BRDA:25,0,1,-
DA:26,0
FN:34,CommonValidations.requireNonZeroAddress
FNDA:0,CommonValidations.requireNonZeroAddress
DA:35,0
BRDA:35,1,0,-
BRDA:35,1,1,-
DA:36,0
FN:45,CommonValidations.requireNotEqual
FNDA:0,CommonValidations.requireNotEqual
DA:46,0
BRDA:46,2,0,-
BRDA:46,2,1,-
DA:47,0
FN:56,CommonValidations.requireDifferentBoolean
FNDA:0,CommonValidations.requireDifferentBoolean
DA:57,0
BRDA:57,3,0,-
BRDA:57,3,1,-
DA:58,0
FN:68,CommonValidations.requireDifferentAddress
FNDA:0,CommonValidations.requireDifferentAddress
DA:69,0
BRDA:69,4,0,-
BRDA:69,4,1,-
DA:70,0
FN:80,CommonValidations.requireDifferentUint48
FNDA:0,CommonValidations.requireDifferentUint48
DA:81,0
BRDA:81,5,0,-
BRDA:81,5,1,-
DA:82,0
FN:92,CommonValidations.requireDifferentUint256
FNDA:0,CommonValidations.requireDifferentUint256
DA:93,0
BRDA:93,6,0,-
BRDA:93,6,1,-
DA:94,0
FN:104,CommonValidations.requireLessThanUint48
FNDA:0,CommonValidations.requireLessThanUint48
DA:105,0
BRDA:105,7,0,-
BRDA:105,7,1,-
DA:106,0
FN:116,CommonValidations.requireLessThanOrEqualToUint256
FNDA:0,CommonValidations.requireLessThanOrEqualToUint256
DA:117,0
BRDA:117,8,0,-
BRDA:117,8,1,-
DA:118,0
FN:128,CommonValidations.requireSufficientFunds
FNDA:0,CommonValidations.requireSufficientFunds
DA:129,0
BRDA:129,9,0,-
BRDA:129,9,1,-
DA:130,0
FNF:10
FNH:0
LF:20
LH:0
BRF:20
BRH:0
end_of_record
TN:
SF:test/BaseSetup.sol
FN:108,BaseSetup._packRsv
FNDA:0,BaseSetup._packRsv
DA:109,0
DA:115,0
FN:118,BaseSetup.setUp
FNDA:0,BaseSetup.setUp
DA:119,0
DA:121,0
DA:122,0
DA:123,0
DA:124,0
DA:126,0
DA:128,0
DA:129,0
DA:130,0
DA:131,0
DA:132,0
DA:133,0
DA:134,0
DA:135,0
DA:136,0
DA:137,0
DA:138,0
DA:140,0
DA:141,0
DA:142,0
DA:144,0
DA:145,0
DA:146,0
DA:150,0
DA:152,0
DA:153,0
DA:156,0
DA:158,0
DA:160,0
DA:162,0
DA:163,0
DA:172,0
DA:174,0
DA:175,0
DA:179,0
DA:181,0
DA:185,0
DA:187,0
DA:188,0
DA:191,0
DA:194,0
DA:195,0
DA:196,0
DA:199,0
DA:200,0
DA:202,0
DA:204,0
DA:206,0
FN:209,BaseSetup._createAddresses
FNDA:0,BaseSetup._createAddresses
DA:210,0
DA:211,0
DA:212,0
DA:213,0
DA:214,0
DA:215,0
DA:216,0
DA:217,0
DA:218,0
DA:219,0
DA:220,0
DA:221,0
DA:222,0
DA:223,0
DA:224,0
FNF:3
FNH:0
LF:65
LH:0
BRF:0
BRH:0
end_of_record
TN:
SF:test/mock/LZEndpointMock.sol
FN:115,LZEndpointMock.send
FNDA:0,LZEndpointMock.send
DA:123,0
BRDA:123,0,0,-
BRDA:123,0,1,-
DA:125,0
DA:127,0
DA:130,0
DA:131,0
BRDA:131,1,0,-
BRDA:131,1,1,-
DA:134,0
DA:135,0
DA:136,0
DA:137,0
BRDA:137,2,0,-
BRDA:137,2,1,-
DA:139,0
DA:142,0
DA:143,0
BRDA:143,3,0,-
BRDA:143,3,1,-
DA:144,0
DA:145,0
BRDA:145,4,0,-
BRDA:145,4,1,-
DA:150,0
DA:151,0
DA:152,0
BRDA:152,5,0,-
BRDA:152,5,1,-
DA:153,0
DA:154,0
BRDA:154,6,0,-
BRDA:154,6,1,-
DA:155,0
DA:159,0
DA:160,0
DA:161,0
FN:164,LZEndpointMock.receivePayload
FNDA:0,LZEndpointMock.receivePayload
DA:172,0
DA:175,0
BRDA:175,7,0,-
BRDA:175,7,1,-
DA:179,0
BRDA:179,8,0,-
BRDA:179,8,1,-
DA:180,0
DA:181,0
DA:185,0
BRDA:185,9,0,-
BRDA:185,9,1,-
DA:187,0
DA:190,0
DA:191,0
DA:195,0
DA:197,0
DA:199,0
BRDA:199,10,0,-
BRDA:199,10,1,-
DA:200,0
DA:201,0
DA:203,0
DA:205,0
FN:216,LZEndpointMock.getInboundNonce
FNDA:0,LZEndpointMock.getInboundNonce
DA:217,0
FN:220,LZEndpointMock.getOutboundNonce
FNDA:0,LZEndpointMock.getOutboundNonce
DA:221,0
FN:224,LZEndpointMock.estimateFees
FNDA:0,LZEndpointMock.estimateFees
DA:231,0
DA:234,0
DA:237,0
DA:238,0
DA:241,0
FN:244,LZEndpointMock.getChainId
FNDA:0,LZEndpointMock.getChainId
DA:245,0
FN:248,LZEndpointMock.retryPayload
FNDA:0,LZEndpointMock.retryPayload
DA:249,0
DA:250,0
BRDA:250,11,0,-
BRDA:250,11,1,-
DA:251,0
BRDA:251,12,0,-
BRDA:251,12,1,-
DA:256,0
DA:258,0
DA:259,0
DA:260,0
DA:262,0
DA:264,0
DA:265,0
FN:268,LZEndpointMock.hasStoredPayload
FNDA:0,LZEndpointMock.hasStoredPayload
DA:269,0
DA:270,0
FN:273,LZEndpointMock.getSendLibraryAddress
FNDA:0,LZEndpointMock.getSendLibraryAddress
DA:274,0
FN:277,LZEndpointMock.getReceiveLibraryAddress
FNDA:0,LZEndpointMock.getReceiveLibraryAddress
DA:278,0
FN:281,LZEndpointMock.isSendingPayload
FNDA:0,LZEndpointMock.isSendingPayload
DA:282,0
FN:285,LZEndpointMock.isReceivingPayload
FNDA:0,LZEndpointMock.isReceivingPayload
DA:286,0
FN:289,LZEndpointMock.getConfig
FNDA:0,LZEndpointMock.getConfig
DA:295,0
FN:298,LZEndpointMock.getSendVersion
FNDA:0,LZEndpointMock.getSendVersion
DA:299,0
FN:302,LZEndpointMock.getReceiveVersion
FNDA:0,LZEndpointMock.getReceiveVersion
DA:303,0
FN:306,LZEndpointMock.setConfig
FNDA:1,LZEndpointMock.setConfig
FN:311,LZEndpointMock.setSendVersion
FNDA:1,LZEndpointMock.setSendVersion
FN:313,LZEndpointMock.setReceiveVersion
FNDA:1,LZEndpointMock.setReceiveVersion
FN:315,LZEndpointMock.forceResumeReceive
FNDA:0,LZEndpointMock.forceResumeReceive
DA:316,0
DA:318,0
BRDA:318,13,0,-
BRDA:318,13,1,-
DA:319,0
BRDA:319,14,0,-
BRDA:319,14,1,-
DA:322,0
DA:323,0
DA:324,0
DA:326,0
DA:329,0
FN:334,LZEndpointMock.getLengthOfQueue
FNDA:0,LZEndpointMock.getLengthOfQueue
DA:335,0
FN:339,LZEndpointMock.blockNextMsg
FNDA:0,LZEndpointMock.blockNextMsg
DA:340,0
FN:343,LZEndpointMock.setDestLzEndpoint
FNDA:0,LZEndpointMock.setDestLzEndpoint
DA:344,0
FN:347,LZEndpointMock.setRelayerPrice
FNDA:0,LZEndpointMock.setRelayerPrice
DA:354,0
DA:355,0
DA:356,0
DA:357,0
DA:358,0
FN:361,LZEndpointMock.setProtocolFee
FNDA:0,LZEndpointMock.setProtocolFee
DA:362,0
DA:363,0
FN:366,LZEndpointMock.setOracleFee
FNDA:0,LZEndpointMock.setOracleFee
DA:367,0
FN:370,LZEndpointMock.setDefaultAdapterParams
FNDA:0,LZEndpointMock.setDefaultAdapterParams
DA:371,0
FN:376,LZEndpointMock._clearMsgQue
FNDA:0,LZEndpointMock._clearMsgQue
DA:377,0
DA:380,0
DA:381,0
DA:382,0
DA:383,0
FN:387,LZEndpointMock._getProtocolFees
FNDA:0,LZEndpointMock._getProtocolFees
DA:392,0
BRDA:392,15,0,-
BRDA:392,15,1,-
DA:393,0
DA:395,0
FN:399,LZEndpointMock._getRelayerFee
FNDA:0,LZEndpointMock._getRelayerFee
DA:406,0
DA:407,0
DA:408,0
BRDA:408,16,0,-
BRDA:408,16,1,-
DA:409,0
BRDA:409,17,0,-
BRDA:409,17,1,-
DA:410,0
DA:413,0
DA:414,0
DA:418,0
DA:421,0
DA:423,0
DA:425,0
FNF:29
FNH:3
LF:105
LH:0
BRF:36
BRH:0
end_of_record
TN:
SF:test/mock/MockOracle.sol
FN:46,MockOracle.amountOf
FNDA:0,MockOracle.amountOf
DA:47,0
FN:60,MockOracle.amountOfAtPrice
FNDA:0,MockOracle.amountOfAtPrice
DA:65,0
FN:73,MockOracle.latestPrice
FNDA:0,MockOracle.latestPrice
DA:74,0
FN:82,MockOracle.latestPrice
FNDA:0,MockOracle.latestPrice
DA:83,0
DA:84,0
FN:94,MockOracle.valueOf
FNDA:2312,MockOracle.valueOf
DA:95,2312
FN:108,MockOracle.valueOfAtPrice
FNDA:0,MockOracle.valueOfAtPrice
DA:113,0
FN:124,MockOracle._valueOf
FNDA:2312,MockOracle._valueOf
DA:125,2312
FN:133,MockOracle._latestPrice
FNDA:2312,MockOracle._latestPrice
DA:134,2312
FN:143,MockOracle._priceInfo
FNDA:2312,MockOracle._priceInfo
DA:144,2312
FNF:9
FNH:4
LF:10
LH:4
BRF:0
BRH:0
end_of_record
TN:
SF:test/mock/MockToken.sol
FN:22,MockToken.decimals
FNDA:0,MockToken.decimals
DA:23,0
FN:26,MockToken.mint
FNDA:0,MockToken.mint
DA:27,0
FN:30,MockToken.mint
FNDA:1,MockToken.mint
DA:31,1
FNF:3
FNH:1
LF:3
LH:1
BRF:0
BRH:0
end_of_record
TN:
SF:test/mock/MockUSDT.sol
FN:13,MockUSDT.decimals
FNDA:0,MockUSDT.decimals
DA:14,0
FN:17,MockUSDT.mint
FNDA:0,MockUSDT.mint
DA:18,0
FNF:2
FNH:0
LF:2
LH:0
BRF:0
BRH:0
end_of_record
TN:
SF:test/mock/libraries/LzLib.sol
FN:21,LzLib.buildAdapterParams
FNDA:0,LzLib.buildAdapterParams
DA:26,0
BRDA:26,0,0,-
BRDA:26,0,1,-
DA:27,0
DA:29,0
FN:34,LzLib.buildDefaultAdapterParams
FNDA:0,LzLib.buildDefaultAdapterParams
DA:38,0
FN:41,LzLib.buildAirdropAdapterParams
FNDA:0,LzLib.buildAirdropAdapterParams
DA:46,0
BRDA:46,1,0,-
BRDA:46,1,1,-
DA:47,0
BRDA:47,2,0,-
BRDA:47,2,1,-
DA:52,0
FN:55,LzLib.getGasLimit
FNDA:0,LzLib.getGasLimit
DA:56,0
BRDA:56,3,0,-
BRDA:56,3,1,-
DA:58,0
FN:63,LzLib.decodeAdapterParams
FNDA:0,LzLib.decodeAdapterParams
DA:68,0
BRDA:68,4,0,-
BRDA:68,4,1,-
DA:70,0
DA:71,0
DA:73,0
BRDA:73,5,0,-
BRDA:73,5,1,-
DA:74,0
BRDA:74,6,0,-
BRDA:74,6,1,-
DA:76,0
BRDA:76,7,0,-
BRDA:76,7,1,-
DA:78,0
DA:79,0
FN:86,LzLib.bytes32ToAddress
FNDA:0,LzLib.bytes32ToAddress
DA:87,0
FN:90,LzLib.addressToBytes32
FNDA:0,LzLib.addressToBytes32
DA:91,0
FNF:7
FNH:0
LF:19
LH:0
BRF:16
BRH:0
end_of_record
TN:
SF:test/utils/SigUtils.sol
FN:22,SigUtils.getStructHash
FNDA:0,SigUtils.getStructHash
DA:23,0
FN:29,SigUtils.getTypedDataHash
FNDA:0,SigUtils.getTypedDataHash
DA:30,0
FNF:2
FNH:0
LF:2
LH:0
BRF:0
BRH:0
end_of_record
TN:
SF:test/utils/Utils.sol
FN:9,Utils.getNextUserAddress
FNDA:0,Utils.getNextUserAddress
DA:10,0
DA:11,0
DA:12,0
FN:16,Utils.createUsers
FNDA:0,Utils.createUsers
DA:17,0
DA:18,0
DA:19,0
DA:20,0
DA:21,0
DA:24,0
FN:28,Utils.mineBlocks
FNDA:0,Utils.mineBlocks
DA:29,0
DA:30,0
FNF:3
FNH:0
LF:11
LH:0
BRF:0
BRH:0
end_of_record
