TN:
SF:script/DeployUtility.sol
FN:36,DeployUtility._setup
FNDA:0,DeployUtility._setup
DA:37,0
DA:37,0
DA:38,0
DA:38,0
FN:47,DeployUtility._loadPrivateKey
FNDA:0,DeployUtility._loadPrivateKey
DA:48,0
DA:48,0
DA:49,0
DA:49,0
FN:64,DeployUtility._saveDeploymentAddress
FNDA:0,DeployUtility._saveDeploymentAddress
DA:65,0
DA:65,0
DA:65,0
DA:66,0
DA:66,0
DA:66,0
DA:67,0
DA:67,0
DA:68,0
DA:68,0
DA:69,0
DA:69,0
DA:71,0
DA:71,0
BRDA:71,0,0,-
BRDA:71,0,1,-
DA:72,0
DA:72,0
DA:73,0
DA:73,0
DA:75,0
DA:75,0
DA:78,0
DA:78,0
DA:80,0
DA:80,0
DA:80,0
DA:80,0
DA:81,0
DA:81,0
DA:81,0
DA:81,0
BRDA:81,1,0,-
BRDA:81,1,1,-
DA:82,0
DA:82,0
DA:83,0
DA:83,0
DA:85,0
DA:85,0
DA:85,0
DA:86,0
DA:86,0
DA:90,0
DA:90,0
BRDA:90,2,0,-
BRDA:90,2,1,-
DA:91,0
DA:91,0
DA:94,0
DA:94,0
FN:104,DeployUtility._loadDeploymentAddress
FNDA:0,DeployUtility._loadDeploymentAddress
DA:105,0
DA:105,0
DA:105,0
DA:106,0
DA:106,0
DA:106,0
DA:108,0
DA:108,0
BRDA:108,3,0,-
BRDA:108,3,1,-
DA:109,0
DA:109,0
DA:109,0
DA:110,0
DA:110,0
DA:110,0
DA:111,0
DA:111,0
DA:111,0
DA:111,0
DA:112,0
DA:112,0
DA:112,0
DA:112,0
BRDA:112,4,0,-
BRDA:112,4,1,-
DA:113,0
DA:113,0
DA:113,0
DA:118,0
DA:118,0
DA:118,0
FN:140,DeployUtility._ensureEmptyUUPSIsDeployed
FNDA:0,DeployUtility._ensureEmptyUUPSIsDeployed
DA:141,0
DA:141,0
DA:141,0
DA:142,0
DA:142,0
DA:144,0
DA:144,0
BRDA:144,5,0,-
BRDA:144,5,1,-
DA:145,0
DA:145,0
DA:145,0
DA:146,0
DA:146,0
BRDA:146,6,0,-
BRDA:146,6,1,-
DA:147,0
DA:147,0
FN:167,DeployUtility._computeProxyAddress
FNDA:0,DeployUtility._computeProxyAddress
DA:172,0
DA:172,0
DA:172,0
DA:173,0
DA:173,0
DA:174,0
DA:174,0
FN:198,DeployUtility._deployProxy
FNDA:0,DeployUtility._deployProxy
DA:202,0
DA:202,0
DA:204,0
DA:204,0
DA:205,0
DA:205,0
DA:207,0
DA:207,0
BRDA:207,7,0,-
BRDA:207,7,1,-
DA:208,0
DA:208,0
DA:208,0
DA:209,0
DA:209,0
DA:209,0
DA:210,0
DA:210,0
BRDA:210,8,0,-
BRDA:210,8,1,-
DA:211,0
DA:211,0
DA:212,0
DA:212,0
DA:214,0
DA:214,0
DA:217,0
DA:217,0
DA:217,0
DA:218,0
DA:218,0
BRDA:218,9,0,-
BRDA:218,9,1,-
DA:219,0
DA:219,0
DA:220,0
DA:220,0
FN:236,DeployUtility._isDeployed
FNDA:0,DeployUtility._isDeployed
DA:240,0
BRDA:240,10,0,-
DA:240,0
FNF:8
FNH:0
LF:56
LH:0
BRF:21
BRH:0
end_of_record
TN:
SF:script/deploy/DeployToUnreal.s.sol
FN:47,DeployToUnreal.setUp
FNDA:0,DeployToUnreal.setUp
DA:48,0
DA:48,0
FN:54,DeployToUnreal.run
FNDA:0,DeployToUnreal.run
DA:55,0
DA:55,0
DA:61,0
DA:61,0
DA:61,0
DA:62,0
DA:62,0
DA:63,0
DA:63,0
DA:65,0
DA:65,0
DA:65,0
DA:66,0
DA:66,0
DA:67,0
DA:67,0
DA:78,0
DA:78,0
DA:78,0
DA:81,0
DA:81,0
DA:81,0
DA:84,0
DA:84,0
DA:84,0
DA:87,0
DA:87,0
DA:87,0
DA:88,0
DA:88,0
DA:88,0
DA:97,0
DA:97,0
DA:100,0
DA:100,0
DA:100,0
DA:101,0
DA:101,0
DA:101,0
DA:108,0
DA:108,0
DA:111,0
DA:111,0
DA:111,0
DA:117,0
DA:117,0
DA:119,0
DA:119,0
DA:121,0
DA:121,0
DA:123,0
DA:123,0
DA:130,0
DA:130,0
DA:131,0
DA:131,0
DA:132,0
DA:132,0
DA:133,0
DA:133,0
DA:134,0
DA:134,0
DA:136,0
DA:136,0
FNF:2
FNH:0
LF:28
LH:0
BRF:0
BRH:0
end_of_record
TN:
SF:script/deploy/DeployarcUSDCrossChain.s.sol
FN:57,DeployarcUSDCrossChain.setUp
FNDA:0,DeployarcUSDCrossChain.setUp
DA:58,0
DA:58,0
DA:60,0
DA:60,0
DA:63,0
DA:63,0
FN:70,DeployarcUSDCrossChain.run
FNDA:0,DeployarcUSDCrossChain.run
DA:76,0
DA:76,0
DA:77,0
DA:77,0
DA:77,0
DA:77,0
DA:78,0
DA:78,0
DA:79,0
DA:79,0
DA:81,0
DA:81,0
DA:81,0
DA:83,0
DA:83,0
BRDA:83,0,0,-
BRDA:83,0,1,-
DA:84,0
DA:84,0
BRDA:84,1,0,-
BRDA:84,1,1,-
DA:86,0
DA:86,0
DA:87,0
DA:87,0
DA:87,0
DA:90,0
DA:90,0
DA:90,0
DA:90,0
DA:91,0
DA:91,0
BRDA:91,2,0,-
BRDA:91,2,1,-
DA:93,0
DA:93,0
BRDA:92,3,0,-
BRDA:92,3,1,-
DA:97,0
DA:97,0
DA:105,0
DA:105,0
DA:106,0
DA:106,0
FN:118,DeployarcUSDCrossChain._deployarcUSDToken
FNDA:0,DeployarcUSDCrossChain._deployarcUSDToken
DA:119,0
DA:119,0
DA:119,0
DA:120,0
DA:120,0
DA:120,0
DA:124,0
DA:124,0
DA:126,0
DA:126,0
BRDA:126,4,0,-
BRDA:126,4,1,-
DA:127,0
DA:127,0
DA:128,0
DA:128,0
DA:130,0
DA:130,0
DA:131,0
DA:131,0
BRDA:131,5,0,-
BRDA:131,5,1,-
DA:132,0
DA:132,0
DA:135,0
DA:135,0
DA:135,0
DA:141,0
DA:141,0
FNF:3
FNH:0
LF:29
LH:0
BRF:12
BRH:0
end_of_record
TN:
SF:script/deploy/DeployarcUSDVault.s.sol
FN:49,DeployarcUSDVault.setUp
FNDA:0,DeployarcUSDVault.setUp
DA:50,0
DA:50,0
DA:51,0
DA:51,0
FN:56,DeployarcUSDVault.run
FNDA:0,DeployarcUSDVault.run
DA:57,0
DA:57,0
DA:64,0
DA:64,0
DA:64,0
DA:70,0
DA:70,0
DA:72,0
DA:72,0
FNF:2
FNH:0
LF:6
LH:0
BRF:0
BRH:0
end_of_record
TN:
SF:script/deploy/UpgradeMinter.s.sol
FN:40,UpgradeMinter.setUp
FNDA:0,UpgradeMinter.setUp
DA:41,0
DA:41,0
DA:42,0
DA:42,0
DA:43,0
DA:43,0
FN:48,UpgradeMinter.run
FNDA:0,UpgradeMinter.run
DA:49,0
DA:49,0
DA:51,0
DA:51,0
DA:51,0
DA:52,0
DA:52,0
DA:54,0
DA:54,0
FNF:2
FNH:0
LF:7
LH:0
BRF:0
BRH:0
end_of_record
TN:
SF:script/deploy/UpgradeTaxManager.s.sol
FN:41,UpgradeTaxManager.setUp
FNDA:0,UpgradeTaxManager.setUp
DA:42,0
DA:42,0
DA:43,0
DA:43,0
DA:44,0
DA:44,0
FN:49,UpgradeTaxManager.run
FNDA:0,UpgradeTaxManager.run
DA:50,0
DA:50,0
DA:52,0
DA:52,0
DA:52,0
DA:54,0
DA:54,0
DA:56,0
DA:56,0
DA:58,0
DA:58,0
FNF:2
FNH:0
LF:8
LH:0
BRF:0
BRH:0
end_of_record
TN:
SF:script/deploy/UpgradearcUSD.s.sol
FN:39,UpgradearcUSD.setUp
FNDA:0,UpgradearcUSD.setUp
DA:40,0
DA:40,0
DA:41,0
DA:41,0
FN:46,UpgradearcUSD.run
FNDA:0,UpgradearcUSD.run
DA:47,0
DA:47,0
DA:49,0
DA:49,0
DA:49,0
DA:50,0
DA:50,0
DA:52,0
DA:52,0
FNF:2
FNH:0
LF:6
LH:0
BRF:0
BRH:0
end_of_record
TN:
SF:script/deploy/mainnet/DeployArcMinter.s.sol
FN:40,DeployArcMinter.setUp
FNDA:0,DeployArcMinter.setUp
DA:41,0
DA:41,0
DA:42,0
DA:42,0
FN:47,DeployArcMinter.run
FNDA:0,DeployArcMinter.run
DA:48,0
DA:48,0
DA:50,0
DA:50,0
DA:50,0
DA:51,0
DA:51,0
DA:53,0
DA:53,0
FNF:2
FNH:0
LF:6
LH:0
BRF:0
BRH:0
end_of_record
TN:
SF:script/deploy/mainnet/DeployArcUSD.s.sol
FN:60,DeployArcUSD.setUp
FNDA:0,DeployArcUSD.setUp
DA:61,0
DA:61,0
DA:63,0
DA:63,0
DA:72,0
DA:72,0
DA:81,0
DA:81,0
DA:89,0
DA:89,0
FN:102,DeployArcUSD.run
FNDA:0,DeployArcUSD.run
DA:108,0
DA:108,0
DA:109,0
DA:109,0
DA:109,0
DA:109,0
DA:110,0
DA:110,0
DA:110,0
BRDA:110,0,0,-
BRDA:110,0,1,-
DA:112,0
DA:112,0
DA:113,0
DA:113,0
DA:115,0
DA:115,0
DA:115,0
DA:117,0
DA:117,0
BRDA:117,1,0,-
BRDA:117,1,1,-
DA:118,0
DA:118,0
BRDA:118,2,0,-
BRDA:118,2,1,-
DA:120,0
DA:120,0
DA:121,0
DA:121,0
DA:121,0
DA:124,0
DA:124,0
DA:124,0
DA:124,0
DA:125,0
DA:125,0
BRDA:125,3,0,-
BRDA:125,3,1,-
DA:127,0
DA:127,0
BRDA:126,4,0,-
BRDA:126,4,1,-
DA:131,0
DA:131,0
DA:139,0
DA:139,0
DA:140,0
DA:140,0
FN:155,DeployArcUSD._deployarcUSDToken
FNDA:0,DeployArcUSD._deployarcUSDToken
DA:156,0
DA:156,0
DA:156,0
DA:157,0
DA:157,0
DA:157,0
DA:161,0
DA:161,0
DA:163,0
DA:163,0
BRDA:163,5,0,-
BRDA:163,5,1,-
DA:164,0
DA:164,0
DA:165,0
DA:165,0
DA:167,0
DA:167,0
DA:168,0
DA:168,0
BRDA:168,6,0,-
BRDA:168,6,1,-
DA:169,0
DA:169,0
DA:172,0
DA:172,0
DA:172,0
DA:178,0
DA:178,0
FNF:3
FNH:0
LF:32
LH:0
BRF:14
BRH:0
end_of_record
TN:
SF:script/deploy/mainnet/DeployCore.s.sol
FN:49,DeployCore.setUp
FNDA:0,DeployCore.setUp
DA:50,0
DA:50,0
DA:52,0
DA:52,0
DA:53,0
DA:53,0
FN:58,DeployCore.run
FNDA:0,DeployCore.run
DA:59,0
DA:59,0
DA:60,0
DA:60,0
DA:67,0
DA:67,0
DA:67,0
DA:68,0
DA:68,0
DA:68,0
DA:69,0
DA:69,0
DA:69,0
DA:70,0
DA:70,0
DA:70,0
DA:71,0
DA:71,0
DA:71,0
DA:74,0
DA:74,0
DA:74,0
DA:74,0
BRDA:74,0,0,-
BRDA:74,0,1,-
DA:74,0
DA:75,0
DA:75,0
BRDA:75,1,0,-
BRDA:75,1,1,-
DA:75,0
DA:76,0
DA:76,0
DA:76,0
DA:76,0
BRDA:76,2,0,-
BRDA:76,2,1,-
DA:76,0
DA:77,0
DA:77,0
DA:77,0
DA:77,0
BRDA:77,3,0,-
BRDA:77,3,1,-
DA:77,0
DA:79,0
DA:79,0
DA:86,0
DA:86,0
DA:87,0
DA:87,0
DA:88,0
DA:88,0
DA:89,0
DA:89,0
DA:90,0
DA:90,0
FN:99,DeployCore._deployFeeCollector
FNDA:0,DeployCore._deployFeeCollector
DA:100,0
DA:100,0
DA:100,0
DA:101,0
DA:101,0
DA:102,0
DA:102,0
DA:104,0
DA:104,0
DA:104,0
DA:105,0
DA:105,0
DA:106,0
DA:106,0
DA:108,0
DA:108,0
DA:108,0
DA:110,0
DA:110,0
DA:114,0
DA:114,0
DA:116,0
DA:116,0
BRDA:116,4,0,-
BRDA:116,4,1,-
DA:117,0
DA:117,0
DA:118,0
DA:118,0
DA:120,0
DA:120,0
DA:121,0
DA:121,0
BRDA:121,5,0,-
BRDA:121,5,1,-
DA:122,0
DA:122,0
FN:134,DeployCore._deployTaxManager
FNDA:0,DeployCore._deployTaxManager
DA:135,0
DA:135,0
DA:135,0
DA:136,0
DA:136,0
DA:140,0
DA:140,0
DA:142,0
DA:142,0
BRDA:142,6,0,-
BRDA:142,6,1,-
DA:143,0
DA:143,0
DA:144,0
DA:144,0
DA:146,0
DA:146,0
DA:147,0
DA:147,0
BRDA:147,7,0,-
BRDA:147,7,1,-
DA:148,0
DA:148,0
FN:160,DeployCore._deployarcUSDMinter
FNDA:0,DeployCore._deployarcUSDMinter
DA:161,0
DA:161,0
DA:161,0
DA:162,0
DA:162,0
DA:162,0
DA:166,0
DA:166,0
DA:168,0
DA:168,0
BRDA:168,8,0,-
BRDA:168,8,1,-
DA:169,0
DA:169,0
DA:170,0
DA:170,0
DA:172,0
DA:172,0
DA:173,0
DA:173,0
BRDA:173,9,0,-
BRDA:173,9,1,-
DA:174,0
DA:174,0
DA:177,0
DA:177,0
DA:177,0
DA:185,0
DA:185,0
FN:196,DeployCore._deployCustodianManager
FNDA:0,DeployCore._deployCustodianManager
DA:197,0
DA:197,0
DA:197,0
DA:198,0
DA:198,0
DA:198,0
DA:202,0
DA:202,0
DA:204,0
DA:204,0
BRDA:204,10,0,-
BRDA:204,10,1,-
DA:205,0
DA:205,0
DA:206,0
DA:206,0
DA:208,0
DA:208,0
DA:209,0
DA:209,0
BRDA:209,11,0,-
BRDA:209,11,1,-
DA:210,0
DA:210,0
DA:213,0
DA:213,0
DA:213,0
DA:219,0
DA:219,0
FN:228,DeployCore._deployPointsBoostingVault
FNDA:0,DeployCore._deployPointsBoostingVault
DA:229,0
DA:229,0
DA:229,0
DA:230,0
DA:230,0
DA:234,0
DA:234,0
DA:236,0
DA:236,0
BRDA:236,12,0,-
BRDA:236,12,1,-
DA:237,0
DA:237,0
DA:238,0
DA:238,0
DA:240,0
DA:240,0
DA:241,0
DA:241,0
BRDA:241,13,0,-
BRDA:241,13,1,-
DA:242,0
DA:242,0
FNF:7
FNH:0
LF:75
LH:0
BRF:28
BRH:0
end_of_record
TN:
SF:script/deploy/mainnet/UpgradeCustodianManager.s.sol
FN:39,UpgradeCustodianManager.setUp
FNDA:0,UpgradeCustodianManager.setUp
DA:40,0
DA:40,0
DA:41,0
DA:41,0
DA:42,0
DA:42,0
FN:47,UpgradeCustodianManager.run
FNDA:0,UpgradeCustodianManager.run
DA:48,0
DA:48,0
DA:50,0
DA:50,0
DA:50,0
DA:51,0
DA:51,0
DA:53,0
DA:53,0
FNF:2
FNH:0
LF:7
LH:0
BRF:0
BRH:0
end_of_record
TN:
SF:script/deploy/mainnet/UpgradeMinter.s.sol
FN:41,UpgradeMinter.setUp
FNDA:0,UpgradeMinter.setUp
DA:42,0
DA:42,0
DA:43,0
DA:43,0
DA:44,0
DA:44,0
FN:49,UpgradeMinter.run
FNDA:0,UpgradeMinter.run
DA:50,0
DA:50,0
DA:52,0
DA:52,0
DA:55,0
DA:55,0
FNF:2
FNH:0
LF:6
LH:0
BRF:0
BRH:0
end_of_record
TN:
SF:script/utils/EmptyUUPS.sol
FN:31,EmptyUUPS.
FNDA:0,EmptyUUPS.
DA:32,0
DA:32,0
DA:33,0
DA:33,0
FN:40,EmptyUUPS._authorizeUpgrade
FNDA:0,EmptyUUPS._authorizeUpgrade
DA:41,0
DA:41,0
DA:41,0
DA:42,0
DA:42,0
DA:43,0
DA:43,0
DA:44,0
DA:44,0
BRDA:44,0,0,-
BRDA:44,0,1,-
DA:45,0
DA:45,0
FNF:2
FNH:0
LF:7
LH:0
BRF:2
BRH:0
end_of_record
TN:
SF:script/write/MintUSDa.s.sol
FN:44,MintarcUSD.setUp
FNDA:0,MintarcUSD.setUp
DA:45,0
DA:45,0
DA:46,0
DA:46,0
DA:47,0
DA:47,0
FN:52,MintarcUSD.run
FNDA:0,MintarcUSD.run
DA:53,0
DA:53,0
DA:55,0
DA:55,0
DA:57,0
DA:57,0
DA:57,0
DA:59,0
DA:59,0
DA:60,0
DA:60,0
DA:62,0
DA:62,0
FNF:2
FNH:0
LF:9
LH:0
BRF:0
BRH:0
end_of_record
TN:
SF:script/write/RequestTokens.s.sol
FN:44,RequestTokens.setUp
FNDA:0,RequestTokens.setUp
DA:45,0
DA:45,0
DA:46,0
DA:46,0
DA:47,0
DA:47,0
FN:52,RequestTokens.run
FNDA:0,RequestTokens.run
DA:53,0
DA:53,0
DA:55,0
DA:55,0
DA:55,0
DA:59,0
DA:59,0
DA:60,0
DA:60,0
DA:62,0
DA:62,0
FNF:2
FNH:0
LF:8
LH:0
BRF:0
BRH:0
end_of_record
TN:
SF:src/AeroLooper.sol
FN:78,AeroLooper.onlyAdmin
FNDA:1,AeroLooper.onlyAdmin
DA:79,1
DA:79,1
DA:79,1
DA:79,1
DA:79,1
BRDA:79,0,0,1
BRDA:79,0,1,2
DA:80,0
DA:80,0
FN:95,AeroLooper.
FNDA:14,AeroLooper.
DA:96,14
DA:96,14
DA:97,28
DA:97,28
DA:99,14
DA:99,14
DA:100,14
DA:100,14
DA:102,28
DA:102,28
DA:103,14
DA:103,14
DA:105,14
DA:105,14
DA:106,28
DA:106,28
DA:107,14
DA:107,14
DA:109,28
DA:109,28
FN:116,AeroLooper.initialize
FNDA:14,AeroLooper.initialize
DA:117,14
DA:117,14
DA:118,14
DA:118,14
FN:139,AeroLooper.injectLiquidity
FNDA:262,AeroLooper.injectLiquidity
DA:144,262
DA:144,262
FN:160,AeroLooper.claimAndStakeEmissions
FNDA:1,AeroLooper.claimAndStakeEmissions
DA:162,1
DA:162,1
BRDA:162,1,0,-
BRDA:162,1,1,1
DA:163,1
DA:163,1
DA:165,1
DA:165,1
DA:165,1
DA:166,1
DA:166,1
DA:166,1
DA:166,1
DA:167,1
DA:167,1
DA:167,1
DA:170,1
DA:170,1
DA:171,1
DA:171,1
DA:173,1
DA:173,1
DA:173,1
DA:174,1
DA:174,1
DA:174,1
DA:177,1
DA:177,1
DA:177,1
DA:182,1
DA:182,1
FN:193,AeroLooper.setSlippage
FNDA:3,AeroLooper.setSlippage
DA:194,2
DA:194,2
DA:195,1
DA:195,1
DA:196,1
DA:196,1
FN:204,AeroLooper.withdrawFromGauge
FNDA:3,AeroLooper.withdrawFromGauge
DA:205,2
DA:205,2
DA:205,2
DA:206,2
DA:206,2
BRDA:206,2,0,1
BRDA:206,2,1,1
DA:206,1
DA:207,1
DA:207,1
DA:208,1
DA:208,1
DA:209,1
DA:209,1
FN:216,AeroLooper.withdrawETH
FNDA:3,AeroLooper.withdrawETH
DA:217,2
DA:217,2
DA:218,1
DA:218,1
DA:219,1
DA:219,1
DA:219,1
DA:220,1
DA:220,1
BRDA:220,3,0,-
BRDA:220,3,1,1
DA:220,0
FN:228,AeroLooper.withdrawERC20
FNDA:4,AeroLooper.withdrawERC20
DA:229,3
DA:229,3
DA:230,2
DA:230,2
DA:231,1
DA:231,1
DA:232,1
DA:232,1
FN:240,AeroLooper.setAdmin
FNDA:3,AeroLooper.setAdmin
DA:241,2
DA:241,2
DA:242,1
DA:242,1
DA:243,1
DA:243,1
DA:244,1
DA:244,1
FN:250,AeroLooper.claimableRewards
FNDA:0,AeroLooper.claimableRewards
DA:251,1
DA:251,1
DA:251,1
FN:273,AeroLooper.quoteAddLiquidity
FNDA:262,AeroLooper.quoteAddLiquidity
DA:277,263
DA:277,263
FN:302,AeroLooper._addLiquidityAndStake
FNDA:263,AeroLooper._addLiquidityAndStake
DA:307,263
DA:307,263
DA:308,263
DA:308,263
DA:309,263
DA:309,263
DA:320,263
DA:320,263
DA:321,263
DA:321,263
FN:328,AeroLooper._stakeLPTokens
FNDA:263,AeroLooper._stakeLPTokens
DA:329,263
DA:329,263
DA:330,263
DA:330,263
DA:331,263
DA:331,263
FN:342,AeroLooper._swapAero
FNDA:2,AeroLooper._swapAero
DA:343,2
DA:343,2
DA:343,2
DA:344,2
DA:344,2
DA:350,2
DA:350,2
DA:350,2
DA:352,2
DA:352,2
DA:354,2
DA:354,2
DA:355,2
DA:355,2
FN:368,AeroLooper._authorizeUpgrade
FNDA:0,AeroLooper._authorizeUpgrade
FNF:16
FNH:14
LF:62
LH:61
BRF:8
BRH:6
end_of_record
TN:
SF:src/ArcanaPointsToken.sol
FN:20,ArcanaPointsToken.
FNDA:0,ArcanaPointsToken.
FNF:1
FNH:0
LF:0
LH:0
BRF:0
BRH:0
end_of_record
TN:
SF:src/CustodianManager.sol
FN:43,CustodianManager.onlyTask
FNDA:6,CustodianManager.onlyTask
DA:44,6
DA:44,6
DA:44,6
DA:44,6
DA:44,6
BRDA:44,0,0,1
BRDA:44,0,1,5
DA:44,1
FN:52,CustodianManager.
FNDA:30,CustodianManager.
DA:53,12
DA:53,12
DA:54,16
DA:54,16
FN:62,CustodianManager.initialize
FNDA:101,CustodianManager.initialize
DA:63,101
DA:63,101
DA:64,101
DA:64,101
DA:66,101
DA:66,101
DA:67,101
DA:67,101
DA:69,101
DA:69,101
FN:80,CustodianManager.withdrawFunds
FNDA:6,CustodianManager.withdrawFunds
DA:81,5
DA:81,5
DA:81,5
DA:82,5
DA:82,5
BRDA:82,1,0,1
BRDA:82,1,1,4
DA:82,1
DA:83,4
DA:83,4
BRDA:83,2,0,1
BRDA:83,2,1,3
DA:83,1
DA:86,3
DA:86,3
DA:86,3
DA:88,3
DA:88,3
DA:90,3
DA:90,3
FN:100,CustodianManager.updateCustodian
FNDA:0,CustodianManager.updateCustodian
DA:101,0
DA:101,0
DA:102,0
DA:102,0
DA:103,0
DA:103,0
DA:104,0
DA:104,0
FN:114,CustodianManager.updateTaskAddress
FNDA:0,CustodianManager.updateTaskAddress
DA:115,0
DA:115,0
DA:116,0
DA:116,0
DA:117,0
DA:117,0
DA:118,0
DA:118,0
FN:129,CustodianManager.withdrawable
FNDA:2,CustodianManager.withdrawable
DA:130,7
DA:130,7
DA:130,7
DA:131,7
DA:131,7
DA:131,7
DA:133,7
DA:133,7
BRDA:133,3,0,6
BRDA:133,3,1,1
DA:135,6
DA:135,6
DA:135,6
DA:139,1
DA:139,1
FN:156,CustodianManager._withdrawAssets
FNDA:3,CustodianManager._withdrawAssets
DA:157,3
DA:157,3
DA:157,3
DA:158,3
DA:158,3
DA:159,3
DA:159,3
DA:161,3
DA:161,3
FN:164,CustodianManager._authorizeUpgrade
FNDA:3,CustodianManager._authorizeUpgrade
FNF:9
FNH:7
LF:31
LH:23
BRF:8
BRH:8
end_of_record
TN:
SF:src/arcUSD.sol
FN:41,arcUSD.
FNDA:52,arcUSD.
DA:45,19
DA:45,19
FN:55,arcUSD.initialize
FNDA:132,arcUSD.initialize
DA:56,132
DA:56,132
DA:56,132
BRDA:56,0,0,-
BRDA:56,0,1,132
DA:56,0
DA:57,132
DA:57,132
DA:57,132
BRDA:57,1,0,-
BRDA:57,1,1,132
DA:57,0
DA:59,132
DA:59,132
DA:60,132
DA:60,132
DA:61,132
DA:61,132
DA:62,132
DA:62,132
FN:71,arcUSD.setRebaseIndex
FNDA:2609,arcUSD.setRebaseIndex
DA:72,2609
DA:72,2609
DA:72,2609
DA:72,1304
BRDA:72,2,0,-
BRDA:72,2,1,2609
DA:72,0
DA:73,2609
DA:73,2609
BRDA:73,3,0,1
BRDA:73,3,1,2608
DA:73,1
DA:74,2608
DA:74,2608
DA:74,2608
DA:75,2608
DA:75,2608
BRDA:75,4,0,-
BRDA:75,4,1,2608
DA:75,0
DA:77,2608
DA:77,2608
DA:77,2608
DA:77,2608
DA:77,2608
BRDA:77,5,0,1304
BRDA:77,5,1,1304
DA:78,1304
DA:78,1304
DA:80,1304
DA:80,1304
FN:89,arcUSD.disableRebase
FNDA:385,arcUSD.disableRebase
DA:90,385
DA:90,385
DA:90,385
DA:90,2
BRDA:90,6,0,-
BRDA:90,6,1,385
DA:90,0
DA:91,385
DA:91,385
BRDA:91,7,0,-
BRDA:91,7,1,385
DA:92,385
DA:92,385
FN:98,arcUSD.setSupplyLimit
FNDA:132,arcUSD.setSupplyLimit
DA:99,132
DA:99,132
DA:100,132
DA:100,132
FN:106,arcUSD.setTaxManager
FNDA:124,arcUSD.setTaxManager
DA:107,124
DA:107,124
DA:107,124
BRDA:107,8,0,-
BRDA:107,8,1,124
DA:107,0
DA:108,124
DA:108,124
DA:109,124
DA:109,124
FN:115,arcUSD.setRebaseManager
FNDA:2,arcUSD.setRebaseManager
DA:116,1
DA:116,1
DA:116,1
BRDA:116,9,0,-
BRDA:116,9,1,1
DA:116,0
DA:117,1
DA:117,1
DA:118,1
DA:118,1
FN:124,arcUSD.setMinter
FNDA:135,arcUSD.setMinter
DA:125,133
DA:125,133
DA:126,133
DA:126,133
FN:132,arcUSD.mint
FNDA:6248,arcUSD.mint
DA:133,6248
DA:133,6248
DA:133,6248
DA:133,1048
BRDA:133,10,0,2
BRDA:133,10,1,6246
DA:133,2
DA:134,6246
DA:134,6246
FN:140,arcUSD.burn
FNDA:0,arcUSD.burn
DA:141,0
DA:141,0
FN:147,arcUSD.burnFrom
FNDA:2094,arcUSD.burnFrom
DA:148,2094
DA:148,2094
DA:149,2094
DA:149,2094
FN:155,arcUSD.optedOutTotalSupply
FNDA:1308,arcUSD.optedOutTotalSupply
DA:156,1308
DA:156,1308
DA:156,1308
FN:162,arcUSD.renounceOwnership
FNDA:1,arcUSD.renounceOwnership
DA:163,1
DA:163,1
FN:168,arcUSD._update
FNDA:9640,arcUSD._update
DA:169,9640
DA:169,9640
DA:170,9640
DA:170,9640
DA:170,9640
DA:170,9640
DA:170,6245
BRDA:170,11,0,2
BRDA:170,11,1,5197
DA:171,5199
DA:171,5199
DA:171,5199
BRDA:171,12,0,2
BRDA:171,12,1,5197
DA:171,2
FN:179,arcUSD._authorizeUpgrade
FNDA:3,arcUSD._authorizeUpgrade
FNF:15
FNH:14
LF:37
LH:36
BRF:26
BRH:18
end_of_record
TN:
SF:src/arcUSDFeeCollector.sol
FN:37,arcUSDFeeCollector.
FNDA:0,arcUSDFeeCollector.
DA:40,0
DA:40,0
DA:40,0
DA:40,0
DA:40,0
DA:40,0
BRDA:40,0,0,-
BRDA:40,0,1,-
DA:40,0
DA:42,0
DA:42,0
DA:43,0
DA:43,0
DA:43,0
DA:43,0
BRDA:43,1,0,-
BRDA:43,1,1,-
DA:43,0
DA:45,0
DA:45,0
DA:46,0
DA:46,0
DA:47,0
DA:47,0
FN:54,arcUSDFeeCollector.distributeArcUSD
FNDA:260,arcUSDFeeCollector.distributeArcUSD
DA:55,260
DA:55,260
DA:55,260
DA:56,260
DA:56,260
DA:57,260
DA:57,260
DA:59,260
DA:59,260
DA:59,780
DA:60,520
DA:60,520
DA:62,520
DA:62,520
DA:66,260
DA:66,260
DA:66,780
DA:67,520
DA:67,520
DA:68,520
DA:68,520
DA:68,520
DA:70,520
DA:70,520
DA:71,520
DA:71,520
DA:74,520
DA:74,520
FN:84,arcUSDFeeCollector.updateRewardDistribution
FNDA:3,arcUSDFeeCollector.updateRewardDistribution
DA:85,3
DA:85,3
DA:86,3
DA:86,3
DA:86,3
DA:86,3
BRDA:86,2,0,-
BRDA:86,2,1,3
DA:86,0
DA:88,3
DA:88,3
DA:90,3
DA:90,3
DA:91,3
DA:91,3
FN:97,arcUSDFeeCollector.getDistributors
FNDA:0,arcUSDFeeCollector.getDistributors
DA:98,0
DA:98,0
FN:104,arcUSDFeeCollector.getRatios
FNDA:0,arcUSDFeeCollector.getRatios
DA:105,0
DA:105,0
FN:111,arcUSDFeeCollector.getArcUSDBalance
FNDA:0,arcUSDFeeCollector.getArcUSDBalance
DA:112,260
DA:112,260
DA:112,260
FNF:6
FNH:2
LF:26
LH:18
BRF:6
BRH:1
end_of_record
TN:
SF:src/arcUSDMinter.sol
FN:90,arcUSDMinter._getarcUSDMinterStorage
FNDA:46919,arcUSDMinter._getarcUSDMinterStorage
DA:93,46919
DA:93,46919
FN:145,arcUSDMinter.onlyCustodian
FNDA:8,arcUSDMinter.onlyCustodian
DA:146,8
DA:146,8
DA:146,8
DA:147,8
DA:147,8
BRDA:147,0,0,1
BRDA:147,0,1,7
DA:148,1
DA:148,1
FN:158,arcUSDMinter.onlyAdmin
FNDA:2,arcUSDMinter.onlyAdmin
DA:159,2
DA:159,2
DA:159,2
DA:160,2
DA:160,2
DA:160,2
DA:160,0
DA:160,0
BRDA:160,1,0,1
BRDA:160,1,1,266
DA:161,0
DA:161,0
FN:172,arcUSDMinter.onlyWhitelisted
FNDA:2070,arcUSDMinter.onlyWhitelisted
DA:173,2070
DA:173,2070
DA:173,2070
DA:174,2070
DA:174,2070
BRDA:174,2,0,-
BRDA:174,2,1,783
DA:175,0
DA:175,0
FN:186,arcUSDMinter.onlyWhitelister
FNDA:206,arcUSDMinter.onlyWhitelister
DA:187,206
DA:187,206
DA:187,206
DA:188,206
DA:188,206
DA:188,206
DA:188,203
DA:188,203
BRDA:188,3,0,1
BRDA:188,3,1,205
DA:189,1
DA:189,1
FN:205,arcUSDMinter.validAsset
FNDA:2072,arcUSDMinter.validAsset
DA:206,2072
DA:206,2072
DA:207,2072
DA:207,2072
DA:207,2072
DA:208,2072
DA:208,2072
DA:208,2072
BRDA:208,4,0,-
BRDA:208,4,1,519
DA:209,2
DA:209,2
FN:226,arcUSDMinter.
FNDA:46,arcUSDMinter.
DA:227,18
DA:227,18
DA:228,25
DA:228,25
DA:229,33
DA:229,33
FN:232,arcUSDMinter._authorizeUpgrade
FNDA:3,arcUSDMinter._authorizeUpgrade
FN:247,arcUSDMinter.initialize
FNDA:102,arcUSDMinter.initialize
DA:248,102
DA:248,102
DA:249,102
DA:249,102
DA:250,102
DA:250,102
DA:252,102
DA:252,102
DA:253,102
DA:253,102
DA:254,102
DA:254,102
DA:256,102
DA:256,102
DA:256,102
DA:257,102
DA:257,102
DA:258,102
DA:258,102
DA:259,102
DA:259,102
DA:260,102
DA:260,102
DA:261,102
DA:261,102
DA:262,102
DA:262,102
FN:273,arcUSDMinter.setClaimDelay
FNDA:1,arcUSDMinter.setClaimDelay
DA:274,1
DA:274,1
DA:274,1
DA:275,1
DA:275,1
DA:276,1
DA:276,1
DA:277,1
DA:277,1
FN:286,arcUSDMinter.setCoverageRatio
FNDA:267,arcUSDMinter.setCoverageRatio
DA:287,266
DA:287,266
DA:288,265
DA:288,265
DA:289,264
DA:289,264
DA:289,264
DA:290,264
DA:290,264
DA:291,264
DA:291,264
FN:299,arcUSDMinter.setMaxAge
FNDA:0,arcUSDMinter.setMaxAge
DA:300,0
DA:300,0
DA:300,0
DA:301,0
DA:301,0
DA:302,0
DA:302,0
DA:303,0
DA:303,0
FN:316,arcUSDMinter.withdrawFunds
FNDA:8,arcUSDMinter.withdrawFunds
DA:317,7
DA:317,7
DA:317,7
DA:318,7
DA:318,7
DA:319,7
DA:319,7
DA:319,7
DA:321,7
DA:321,7
BRDA:321,5,0,-
BRDA:321,5,1,6
DA:322,6
DA:322,6
DA:324,6
DA:324,6
DA:324,6
DA:325,6
DA:325,6
BRDA:325,6,0,-
BRDA:325,6,1,6
DA:325,0
DA:326,6
DA:326,6
DA:327,6
DA:327,6
DA:331,1
DA:331,1
FN:346,arcUSDMinter.modifyWhitelist
FNDA:206,arcUSDMinter.modifyWhitelist
DA:347,205
DA:347,205
DA:348,204
DA:348,204
DA:348,204
DA:349,204
DA:349,204
DA:350,203
DA:350,203
DA:351,203
DA:351,203
FN:367,arcUSDMinter.addSupportedAsset
FNDA:328,arcUSDMinter.addSupportedAsset
DA:368,328
DA:368,328
DA:369,327
DA:369,327
DA:370,326
DA:370,326
DA:371,326
DA:371,326
DA:371,326
DA:372,326
DA:372,326
DA:373,325
DA:373,325
DA:374,325
DA:374,325
DA:375,325
DA:375,325
DA:377,325
DA:377,325
DA:377,325
DA:378,325
BRDA:378,7,0,22
BRDA:378,7,1,325
DA:379,22
DA:379,22
DA:381,325
DA:381,325
FN:393,arcUSDMinter.modifyOracleForAsset
FNDA:0,arcUSDMinter.modifyOracleForAsset
DA:394,0
DA:394,0
DA:395,0
DA:395,0
DA:395,0
DA:396,0
DA:396,0
DA:397,0
DA:397,0
DA:398,0
DA:398,0
FN:411,arcUSDMinter.removeSupportedAsset
FNDA:64,arcUSDMinter.removeSupportedAsset
DA:412,63
DA:412,63
DA:412,63
DA:413,63
DA:413,63
DA:414,63
DA:414,63
DA:415,63
DA:415,63
FN:430,arcUSDMinter.restoreAsset
FNDA:1,arcUSDMinter.restoreAsset
DA:431,1
DA:431,1
DA:431,1
DA:432,1
DA:432,1
DA:433,1
DA:433,1
DA:434,1
DA:434,1
DA:435,1
DA:435,1
DA:436,1
DA:436,1
FN:449,arcUSDMinter.updateCustodian
FNDA:102,arcUSDMinter.updateCustodian
DA:450,102
DA:450,102
DA:451,102
DA:451,102
DA:451,102
DA:452,102
DA:452,102
DA:453,102
DA:453,102
DA:454,102
DA:454,102
FN:466,arcUSDMinter.updateAdmin
FNDA:4,arcUSDMinter.updateAdmin
DA:467,3
DA:467,3
DA:468,2
DA:468,2
DA:468,2
DA:469,2
DA:469,2
DA:470,1
DA:470,1
DA:471,1
DA:471,1
FN:483,arcUSDMinter.updateWhitelister
FNDA:4,arcUSDMinter.updateWhitelister
DA:484,3
DA:484,3
DA:485,2
DA:485,2
DA:485,2
DA:486,2
DA:486,2
DA:487,1
DA:487,1
DA:488,1
DA:488,1
FN:499,arcUSDMinter.updateTax
FNDA:516,arcUSDMinter.updateTax
DA:500,516
DA:500,516
DA:500,516
DA:501,516
DA:501,516
DA:502,516
DA:502,516
DA:503,516
DA:503,516
FN:523,arcUSDMinter.mint
FNDA:2072,arcUSDMinter.mint
DA:530,2070
DA:530,2070
DA:530,2070
DA:532,2070
DA:532,2070
DA:533,2070
DA:533,2070
DA:533,2070
DA:535,2070
DA:535,2070
DA:535,2070
DA:536,2070
DA:536,2070
DA:539,2069
DA:539,2069
DA:542,2069
DA:542,2069
BRDA:542,8,0,-
BRDA:542,8,1,2069
DA:543,0
DA:543,0
DA:546,2069
DA:546,2069
FN:561,arcUSDMinter.requestTokens
FNDA:2094,arcUSDMinter.requestTokens
DA:562,2094
DA:562,2094
DA:562,2094
DA:563,2094
DA:563,2094
DA:564,2094
DA:564,2094
DA:564,2094
DA:565,2094
DA:565,2094
DA:566,2094
DA:566,2094
DA:567,2094
DA:567,2094
DA:567,2094
DA:567,2094
DA:568,2094
DA:568,2094
DA:569,2094
DA:569,2094
DA:570,2094
DA:570,2094
DA:571,2094
DA:571,2094
DA:573,2094
DA:573,2094
DA:575,2094
DA:575,2094
DA:576,2094
DA:576,2094
FN:591,arcUSDMinter.claimableTokens
FNDA:6243,arcUSDMinter.claimableTokens
DA:597,6243
DA:597,6243
DA:597,6243
DA:598,6243
DA:598,6243
DA:598,6243
DA:599,6243
DA:599,6243
DA:599,6243
FN:614,arcUSDMinter.claimTokens
FNDA:783,arcUSDMinter.claimTokens
DA:615,783
DA:615,783
DA:615,783
DA:616,783
DA:616,783
DA:618,783
DA:618,783
DA:619,783
DA:619,783
DA:620,783
DA:620,783
DA:621,783
DA:621,783
DA:623,783
DA:623,783
DA:623,783
DA:631,783
DA:631,783
BRDA:631,9,0,2
BRDA:631,9,1,781
DA:631,2
DA:633,781
DA:633,781
DA:635,781
DA:635,781
DA:636,781
DA:636,781
DA:638,781
DA:638,781
FN:658,arcUSDMinter.updateClaimTimestamp
FNDA:2,arcUSDMinter.updateClaimTimestamp
DA:662,2
DA:662,2
DA:662,2
DA:663,2
DA:663,2
DA:664,2
DA:664,2
DA:665,2
DA:665,2
DA:666,2
DA:666,2
FN:673,arcUSDMinter.custodian
FNDA:4,arcUSDMinter.custodian
DA:674,4
DA:674,4
FN:681,arcUSDMinter.admin
FNDA:3,arcUSDMinter.admin
DA:682,3
DA:682,3
FN:689,arcUSDMinter.whitelister
FNDA:3,arcUSDMinter.whitelister
DA:690,3
DA:690,3
FN:696,arcUSDMinter.tax
FNDA:516,arcUSDMinter.tax
DA:697,516
DA:697,516
FN:704,arcUSDMinter.isWhitelisted
FNDA:2,arcUSDMinter.isWhitelisted
DA:705,2
DA:705,2
FN:711,arcUSDMinter.clock
FNDA:0,arcUSDMinter.clock
DA:712,9757
DA:712,9757
DA:712,9757
FN:719,arcUSDMinter.CLOCK_MODE
FNDA:0,arcUSDMinter.CLOCK_MODE
DA:720,0
DA:720,0
FN:730,arcUSDMinter.claimDelay
FNDA:3377,arcUSDMinter.claimDelay
DA:731,3377
DA:731,3377
FN:740,arcUSDMinter.isSupportedAsset
FNDA:7,arcUSDMinter.isSupportedAsset
DA:741,7
DA:741,7
DA:741,7
DA:742,7
DA:742,7
FN:756,arcUSDMinter.getRedemptionRequests
FNDA:4,arcUSDMinter.getRedemptionRequests
DA:761,4
DA:761,4
DA:761,4
DA:762,4
DA:762,4
DA:763,4
DA:763,4
DA:764,4
DA:764,4
BRDA:764,10,0,-
BRDA:764,10,1,-
DA:765,1
DA:765,1
DA:767,3
DA:767,3
DA:767,3
DA:768,3
DA:768,3
BRDA:768,11,0,2
BRDA:768,11,1,3
DA:769,2
DA:769,2
DA:772,3
DA:772,3
DA:774,3
DA:774,3
DA:774,23
DA:775,20
DA:775,20
DA:777,20
DA:777,20
DA:778,20
DA:778,20
FN:799,arcUSDMinter.getRedemptionRequests
FNDA:3907,arcUSDMinter.getRedemptionRequests
DA:804,3907
DA:804,3907
DA:804,3907
DA:805,3907
DA:805,3907
DA:806,3907
DA:806,3907
DA:807,3907
DA:807,3907
DA:808,3907
DA:808,3907
BRDA:808,12,0,-
BRDA:808,12,1,-
DA:809,1043
DA:809,1043
DA:811,2864
DA:811,2864
DA:811,2864
DA:812,2864
DA:812,2864
BRDA:812,13,0,2864
BRDA:812,13,1,2864
DA:813,2864
DA:813,2864
DA:816,2864
DA:816,2864
DA:818,2864
DA:818,2864
DA:818,5732
DA:819,2868
DA:819,2868
DA:821,2868
DA:821,2868
DA:822,2868
DA:822,2868
FN:837,arcUSDMinter.getAllAssets
FNDA:3,arcUSDMinter.getAllAssets
DA:838,3
DA:838,3
DA:838,3
DA:839,3
DA:839,3
FN:850,arcUSDMinter.getActiveAssets
FNDA:5,arcUSDMinter.getActiveAssets
DA:851,5
DA:851,5
DA:851,5
DA:853,5
DA:853,5
DA:853,5
DA:854,5
DA:854,5
DA:856,5
DA:856,5
DA:858,17
DA:858,17
DA:860,12
DA:860,12
DA:862,12
DA:862,12
DA:862,12
DA:863,12
DA:863,12
BRDA:863,14,0,-
BRDA:863,14,1,12
DA:865,12
DA:865,12
DA:867,12
DA:867,12
FN:877,arcUSDMinter.getPendingClaims
FNDA:6249,arcUSDMinter.getPendingClaims
DA:878,6249
DA:878,6249
DA:878,6249
DA:879,6249
DA:879,6249
FN:892,arcUSDMinter.quoteMint
FNDA:1029,arcUSDMinter.quoteMint
DA:898,1029
DA:898,1029
DA:898,1029
DA:899,1029
DA:899,1029
DA:899,1029
DA:900,1029
BRDA:900,15,0,-
BRDA:900,15,1,-
DA:901,513
DA:901,513
DA:901,513
DA:902,513
DA:902,513
BRDA:902,16,0,-
BRDA:902,16,1,-
DA:903,0
DA:903,0
DA:904,0
DA:904,0
DA:905,0
DA:905,0
BRDA:905,17,0,-
BRDA:905,17,1,-
DA:906,0
DA:906,0
DA:906,0
DA:907,0
DA:907,0
DA:907,0
DA:908,0
DA:908,0
DA:912,1029
DA:912,1029
DA:912,1029
DA:913,1029
DA:913,1029
FN:926,arcUSDMinter.quoteRedeem
FNDA:519,arcUSDMinter.quoteRedeem
DA:932,519
DA:932,519
DA:932,519
DA:933,519
DA:933,519
DA:933,519
DA:934,519
BRDA:934,18,0,-
BRDA:934,18,1,519
DA:935,519
DA:935,519
DA:935,519
DA:936,519
DA:936,519
BRDA:936,19,0,-
BRDA:936,19,1,519
DA:937,519
DA:937,519
DA:937,519
DA:938,519
DA:938,519
DA:938,519
DA:939,519
DA:939,519
DA:942,519
DA:942,519
DA:942,519
DA:943,519
DA:943,519
FN:951,arcUSDMinter.latestCoverageRatio
FNDA:6,arcUSDMinter.latestCoverageRatio
DA:952,271
DA:952,271
DA:952,271
FN:966,arcUSDMinter.requiredTokens
FNDA:3,arcUSDMinter.requiredTokens
DA:967,3
DA:967,3
DA:967,3
DA:968,3
DA:968,3
DA:969,3
DA:969,3
DA:969,3
DA:970,3
DA:970,3
BRDA:970,20,0,3
BRDA:970,20,1,3
DA:972,3
DA:972,3
FN:990,arcUSDMinter._calculateClaimableTokens
FNDA:6243,arcUSDMinter._calculateClaimableTokens
DA:991,6243
DA:991,6243
DA:991,6243
DA:992,6243
DA:992,6243
DA:993,6243
DA:993,6243
DA:994,6243
DA:994,6243
DA:995,6243
DA:995,6243
DA:997,6243
DA:997,6243
DA:997,6243
DA:999,8328
DA:999,8328
DA:1000,5465
DA:1000,5465
DA:1001,5465
DA:1001,5465
DA:1003,5465
DA:1003,5465
BRDA:1003,21,0,-
BRDA:1003,21,1,2085
DA:1004,2085
DA:1004,2085
DA:1006,2085
DA:1006,2085
DA:1008,2085
DA:1008,2085
DA:1011,3380
DA:1011,3380
DA:1015,2085
DA:1015,2085
FN:1032,arcUSDMinter._claimTokens
FNDA:783,arcUSDMinter._claimTokens
DA:1039,783
DA:1039,783
DA:1040,783
DA:1040,783
DA:1042,783
DA:1042,783
DA:1042,783
DA:1044,1564
DA:1044,1564
DA:1045,783
DA:1045,783
DA:1046,783
DA:1046,783
DA:1047,783
DA:1047,783
BRDA:1047,22,0,-
BRDA:1047,22,1,781
DA:1049,781
DA:1049,781
DA:1049,781
DA:1049,781
DA:1049,781
DA:1050,781
DA:1050,781
DA:1052,781
DA:1052,781
DA:1053,781
DA:1053,781
DA:1055,781
DA:1055,781
DA:1058,2
DA:1058,2
DA:1061,781
DA:1061,781
DA:1065,783
DA:1065,783
FN:1082,arcUSDMinter._pullAssets
FNDA:2070,arcUSDMinter._pullAssets
DA:1086,2070
DA:1086,2070
DA:1086,2070
DA:1087,2070
DA:1087,2070
DA:1088,2070
DA:1088,2070
DA:1090,2070
DA:1090,2070
FN:1104,arcUSDMinter._unsafeRedemptionRequestAccess
FNDA:9136,arcUSDMinter._unsafeRedemptionRequestAccess
DA:1111,9136
DA:1111,9136
FN:1130,arcUSDMinter._unsafeRedemptionRequestByAssetAccess
FNDA:9116,arcUSDMinter._unsafeRedemptionRequestByAssetAccess
DA:1135,9116
DA:1135,9116
DA:1135,9116
DA:1136,9116
DA:1136,9116
FNF:50
FNH:46
LF:266
LH:247
BRF:46
BRH:26
end_of_record
TN:
SF:src/arcUSDPointsBoostingVault.sol
FN:29,arcUSDPointsBoostVault.isEnabled
FNDA:261,arcUSDPointsBoostVault.isEnabled
DA:30,261
DA:30,261
BRDA:30,0,0,1
BRDA:30,0,1,519
DA:30,1
FN:38,arcUSDPointsBoostVault.
FNDA:0,arcUSDPointsBoostVault.
DA:39,0
DA:39,0
DA:40,0
DA:40,0
DA:41,0
DA:41,0
DA:42,0
DA:42,0
FN:51,arcUSDPointsBoostVault.setStakingEnabled
FNDA:2,arcUSDPointsBoostVault.setStakingEnabled
DA:52,2
DA:52,2
BRDA:52,1,0,-
BRDA:52,1,1,2
DA:52,0
DA:53,2
DA:53,2
FN:63,arcUSDPointsBoostVault.deposit
FNDA:261,arcUSDPointsBoostVault.deposit
DA:64,260
DA:64,260
DA:65,260
DA:65,260
DA:66,260
DA:66,260
FN:76,arcUSDPointsBoostVault.redeem
FNDA:520,arcUSDPointsBoostVault.redeem
DA:77,519
DA:77,519
DA:78,519
DA:78,519
DA:79,519
DA:79,519
FN:90,arcUSDPointsBoostVault.previewDeposit
FNDA:1,arcUSDPointsBoostVault.previewDeposit
DA:91,1
DA:91,1
FN:102,arcUSDPointsBoostVault.previewRedeem
FNDA:519,arcUSDPointsBoostVault.previewRedeem
DA:103,519
DA:103,519
BRDA:103,2,0,141
BRDA:103,2,1,378
DA:104,141
DA:104,141
DA:106,378
DA:106,378
DA:106,378
DA:107,378
DA:107,378
DA:107,378
DA:108,378
DA:108,378
FN:118,arcUSDPointsBoostVault._pullarcUSD
FNDA:260,arcUSDPointsBoostVault._pullarcUSD
DA:119,260
DA:119,260
DA:119,260
DA:120,260
DA:120,260
DA:120,260
DA:121,260
DA:121,260
DA:122,260
DA:122,260
DA:122,260
DA:122,260
FN:131,arcUSDPointsBoostVault._pusharcUSD
FNDA:519,arcUSDPointsBoostVault._pusharcUSD
DA:132,519
DA:132,519
DA:132,519
DA:133,519
DA:133,519
DA:133,519
DA:134,519
DA:134,519
DA:135,519
DA:135,519
DA:135,519
DA:135,519
FNF:9
FNH:8
LF:27
LH:23
BRF:6
BRH:5
end_of_record
TN:
SF:src/arcUSDTaxManager.sol
FN:36,arcUSDTaxManager.
FNDA:0,arcUSDTaxManager.
DA:37,0
DA:37,0
DA:37,0
DA:37,0
DA:37,0
DA:37,0
BRDA:37,0,0,-
BRDA:37,0,1,-
DA:37,0
DA:38,0
DA:38,0
DA:39,0
DA:39,0
FN:51,arcUSDTaxManager.collectOnRebase
FNDA:1304,arcUSDTaxManager.collectOnRebase
DA:52,1304
DA:52,1304
BRDA:52,1,0,-
BRDA:52,1,1,1304
DA:53,1304
DA:53,1304
DA:53,1304
DA:53,1304
DA:53,1304
DA:54,1304
DA:54,1304
DA:54,1304
DA:55,1304
DA:55,1304
DA:55,1304
DA:55,1304
DA:56,1304
DA:56,1304
DA:57,1304
DA:57,1304
BRDA:57,2,0,-
BRDA:57,2,1,1045
DA:59,1045
DA:59,1045
DA:59,1045
DA:60,1045
DA:60,1045
DA:60,1045
DA:60,1045
DA:61,1045
DA:61,1045
DA:61,1045
DA:62,1045
DA:62,1045
DA:64,1045
DA:64,1045
DA:65,1045
DA:65,1045
DA:66,1045
DA:66,1045
DA:69,1304
DA:69,1304
DA:70,1304
DA:70,1304
BRDA:70,3,0,-
BRDA:70,3,1,1045
DA:71,1045
DA:71,1045
FN:78,arcUSDTaxManager.setTaxRate
FNDA:0,arcUSDTaxManager.setTaxRate
DA:79,0
DA:79,0
BRDA:79,4,0,-
BRDA:79,4,1,-
DA:80,0
DA:80,0
DA:81,0
DA:81,0
FN:87,arcUSDTaxManager.setFeeCollector
FNDA:0,arcUSDTaxManager.setFeeCollector
DA:88,0
DA:88,0
DA:88,0
BRDA:88,5,0,-
BRDA:88,5,1,-
DA:88,0
DA:89,0
DA:89,0
DA:90,0
DA:90,0
FNF:4
FNH:1
LF:25
LH:16
BRF:12
BRH:3
end_of_record
TN:
SF:src/libraries/CommonValidations.sol
FN:24,CommonValidations.requireAbsentAddress
FNDA:326,CommonValidations.requireAbsentAddress
DA:25,326
DA:25,326
BRDA:25,0,0,1
BRDA:25,0,1,325
DA:26,1
DA:26,1
FN:34,CommonValidations.requireNonZeroAddress
FNDA:14379,CommonValidations.requireNonZeroAddress
DA:35,14367
DA:35,14367
DA:35,14367
BRDA:35,1,0,35
BRDA:35,1,1,14344
DA:36,35
DA:36,35
FN:45,CommonValidations.requireNotEqual
FNDA:327,CommonValidations.requireNotEqual
DA:46,327
DA:46,327
BRDA:46,2,0,1
BRDA:46,2,1,326
DA:47,1
DA:47,1
FN:56,CommonValidations.requireDifferentBoolean
FNDA:205,CommonValidations.requireDifferentBoolean
DA:57,205
DA:57,205
BRDA:57,3,0,1
BRDA:57,3,1,204
DA:58,1
DA:58,1
FN:68,CommonValidations.requireDifferentAddress
FNDA:107,CommonValidations.requireDifferentAddress
DA:69,107
DA:69,107
BRDA:69,4,0,2
BRDA:69,4,1,105
DA:70,2
DA:70,2
FN:80,CommonValidations.requireDifferentUint48
FNDA:1,CommonValidations.requireDifferentUint48
DA:81,1
DA:81,1
BRDA:81,5,0,-
BRDA:81,5,1,1
DA:82,0
DA:82,0
FN:92,CommonValidations.requireDifferentUint256
FNDA:781,CommonValidations.requireDifferentUint256
DA:93,781
DA:93,781
BRDA:93,6,0,1
BRDA:93,6,1,780
DA:94,1
DA:94,1
FN:104,CommonValidations.requireLessThanUint48
FNDA:0,CommonValidations.requireLessThanUint48
DA:105,0
DA:105,0
BRDA:105,7,0,-
BRDA:105,7,1,-
DA:106,0
DA:106,0
FN:116,CommonValidations.requireLessThanOrEqualToUint256
FNDA:272,CommonValidations.requireLessThanOrEqualToUint256
DA:117,272
DA:117,272
BRDA:117,8,0,4
BRDA:117,8,1,268
DA:118,4
DA:118,4
FN:128,CommonValidations.requireSufficientFunds
FNDA:781,CommonValidations.requireSufficientFunds
DA:129,781
DA:129,781
BRDA:129,9,0,-
BRDA:129,9,1,781
DA:130,0
DA:130,0
FNF:10
FNH:9
LF:20
LH:16
BRF:20
BRH:16
end_of_record
TN:
SF:test/BaseSetup.sol
FN:107,BaseSetup._packRsv
FNDA:0,BaseSetup._packRsv
DA:108,0
DA:108,0
DA:108,0
DA:114,0
DA:114,0
FN:117,BaseSetup.setUp
FNDA:101,BaseSetup.setUp
DA:118,101
DA:118,101
DA:120,101
DA:120,101
DA:121,101
DA:121,101
DA:122,101
DA:122,101
DA:123,101
DA:123,101
DA:125,101
DA:125,101
DA:127,101
DA:127,101
DA:128,101
DA:128,101
DA:129,101
DA:129,101
DA:130,101
DA:130,101
DA:131,101
DA:131,101
DA:132,101
DA:132,101
DA:133,101
DA:133,101
DA:134,101
DA:134,101
DA:135,101
DA:135,101
DA:136,101
DA:136,101
DA:137,101
DA:137,101
DA:139,101
DA:139,101
DA:139,101
DA:140,101
DA:140,101
DA:141,101
DA:141,101
DA:143,101
DA:143,101
DA:143,101
DA:144,101
DA:144,101
DA:145,101
DA:145,101
DA:149,101
DA:149,101
DA:151,101
DA:151,101
DA:152,101
DA:152,101
DA:152,101
DA:155,101
DA:155,101
DA:157,101
DA:157,101
DA:159,101
DA:159,101
DA:161,101
DA:161,101
DA:162,101
DA:162,101
DA:162,101
DA:171,101
DA:171,101
DA:173,101
DA:173,101
DA:174,101
DA:174,101
DA:174,101
DA:178,101
DA:178,101
DA:180,101
DA:180,101
DA:184,101
DA:184,101
DA:186,101
DA:186,101
DA:187,101
DA:187,101
DA:190,101
DA:190,101
DA:193,101
DA:193,101
DA:194,101
DA:194,101
DA:195,101
DA:195,101
DA:198,101
DA:198,101
DA:199,101
DA:199,101
DA:201,101
DA:201,101
DA:203,101
DA:203,101
DA:205,101
DA:205,101
FN:208,BaseSetup._createAddresses
FNDA:101,BaseSetup._createAddresses
DA:209,101
DA:209,101
DA:210,101
DA:210,101
DA:211,101
DA:211,101
DA:212,101
DA:212,101
DA:213,101
DA:213,101
DA:214,101
DA:214,101
DA:215,101
DA:215,101
DA:216,101
DA:216,101
DA:217,101
DA:217,101
DA:218,101
DA:218,101
DA:219,101
DA:219,101
DA:220,101
DA:220,101
DA:221,101
DA:221,101
DA:222,101
DA:222,101
DA:223,101
DA:223,101
FN:226,BaseSetup._changeOraclePrice
FNDA:2,BaseSetup._changeOraclePrice
DA:227,2
DA:227,2
FNF:4
FNH:3
LF:66
LH:64
BRF:0
BRH:0
end_of_record
TN:
SF:test/mock/LZEndpointMock.sol
FN:77,LZEndpointMock.sendNonReentrant
FNDA:0,LZEndpointMock.sendNonReentrant
DA:78,0
DA:78,0
BRDA:78,0,0,-
BRDA:78,0,1,-
DA:79,0
DA:79,0
DA:81,0
DA:81,0
FN:84,LZEndpointMock.receiveNonReentrant
FNDA:0,LZEndpointMock.receiveNonReentrant
DA:85,0
DA:85,0
BRDA:85,1,0,-
BRDA:85,1,1,-
DA:86,0
DA:86,0
DA:88,0
DA:88,0
FN:98,LZEndpointMock.
FNDA:30,LZEndpointMock.
DA:99,24
DA:99,24
DA:102,36
DA:102,36
DA:109,30
DA:109,30
DA:110,24
DA:110,24
DA:111,24
DA:111,24
FN:115,LZEndpointMock.send
FNDA:0,LZEndpointMock.send
DA:123,0
DA:123,0
BRDA:123,2,0,-
BRDA:123,2,1,-
DA:125,0
DA:125,0
DA:127,0
DA:127,0
DA:130,0
DA:130,0
DA:131,0
DA:131,0
BRDA:131,3,0,-
BRDA:131,3,1,-
DA:134,0
DA:134,0
DA:134,0
DA:135,0
DA:135,0
DA:136,0
DA:136,0
DA:137,0
DA:137,0
BRDA:137,4,0,-
BRDA:137,4,1,-
DA:139,0
DA:139,0
DA:139,0
DA:142,0
DA:142,0
DA:142,0
DA:143,0
DA:143,0
BRDA:143,5,0,-
BRDA:143,5,1,-
DA:144,0
DA:144,0
DA:144,0
DA:145,0
DA:145,0
BRDA:145,6,0,-
BRDA:145,6,1,-
DA:150,0
DA:150,0
DA:151,0
DA:151,0
DA:152,0
DA:152,0
BRDA:152,7,0,-
BRDA:152,7,1,-
DA:153,0
DA:153,0
DA:153,0
DA:154,0
DA:154,0
BRDA:154,8,0,-
BRDA:154,8,1,-
DA:155,0
DA:155,0
DA:159,0
DA:159,0
DA:159,0
DA:160,0
DA:160,0
DA:161,0
DA:161,0
FN:164,LZEndpointMock.receivePayload
FNDA:0,LZEndpointMock.receivePayload
DA:172,0
DA:172,0
DA:175,0
DA:175,0
BRDA:175,9,0,-
BRDA:175,9,1,-
DA:179,0
DA:179,0
DA:179,0
BRDA:179,10,0,-
BRDA:179,10,1,-
DA:180,0
DA:180,0
DA:181,0
DA:181,0
DA:181,0
DA:185,0
DA:185,0
BRDA:185,11,0,-
BRDA:185,11,1,-
DA:187,0
DA:187,0
DA:190,0
DA:190,0
DA:190,0
DA:190,0
DA:190,0
DA:191,0
DA:191,0
DA:195,0
DA:195,0
DA:197,0
DA:197,0
DA:199,0
BRDA:199,12,0,-
BRDA:199,12,1,-
DA:200,0
DA:200,0
DA:201,0
DA:201,0
DA:203,0
DA:203,0
DA:205,0
DA:205,0
FN:216,LZEndpointMock.getInboundNonce
FNDA:0,LZEndpointMock.getInboundNonce
DA:217,0
DA:217,0
FN:220,LZEndpointMock.getOutboundNonce
FNDA:0,LZEndpointMock.getOutboundNonce
DA:221,0
DA:221,0
FN:224,LZEndpointMock.estimateFees
FNDA:0,LZEndpointMock.estimateFees
DA:231,0
DA:231,0
DA:231,0
DA:234,0
DA:234,0
DA:234,0
DA:237,0
DA:237,0
DA:237,0
DA:238,0
DA:238,0
DA:241,0
DA:241,0
FN:244,LZEndpointMock.getChainId
FNDA:0,LZEndpointMock.getChainId
DA:245,0
DA:245,0
FN:248,LZEndpointMock.retryPayload
FNDA:0,LZEndpointMock.retryPayload
DA:249,0
DA:249,0
DA:250,0
DA:250,0
BRDA:250,13,0,-
BRDA:250,13,1,-
DA:251,0
DA:251,0
BRDA:251,14,0,-
BRDA:251,14,1,-
DA:256,0
DA:256,0
DA:258,0
DA:258,0
DA:259,0
DA:259,0
DA:260,0
DA:260,0
DA:262,0
DA:262,0
DA:264,0
DA:264,0
DA:265,0
DA:265,0
FN:268,LZEndpointMock.hasStoredPayload
FNDA:0,LZEndpointMock.hasStoredPayload
DA:269,0
DA:269,0
DA:270,0
DA:270,0
DA:270,0
DA:270,0
FN:273,LZEndpointMock.getSendLibraryAddress
FNDA:0,LZEndpointMock.getSendLibraryAddress
DA:274,0
DA:274,0
DA:274,0
FN:277,LZEndpointMock.getReceiveLibraryAddress
FNDA:0,LZEndpointMock.getReceiveLibraryAddress
DA:278,0
DA:278,0
DA:278,0
FN:281,LZEndpointMock.isSendingPayload
FNDA:0,LZEndpointMock.isSendingPayload
DA:282,0
DA:282,0
DA:282,0
FN:285,LZEndpointMock.isReceivingPayload
FNDA:0,LZEndpointMock.isReceivingPayload
DA:286,0
DA:286,0
DA:286,0
FN:289,LZEndpointMock.getConfig
FNDA:0,LZEndpointMock.getConfig
DA:295,0
DA:295,0
FN:298,LZEndpointMock.getSendVersion
FNDA:0,LZEndpointMock.getSendVersion
DA:299,0
DA:299,0
FN:302,LZEndpointMock.getReceiveVersion
FNDA:0,LZEndpointMock.getReceiveVersion
DA:303,0
DA:303,0
FN:306,LZEndpointMock.setConfig
FNDA:1,LZEndpointMock.setConfig
FN:311,LZEndpointMock.setSendVersion
FNDA:1,LZEndpointMock.setSendVersion
FN:313,LZEndpointMock.setReceiveVersion
FNDA:1,LZEndpointMock.setReceiveVersion
FN:315,LZEndpointMock.forceResumeReceive
FNDA:0,LZEndpointMock.forceResumeReceive
DA:316,0
DA:316,0
DA:318,0
DA:318,0
BRDA:318,15,0,-
BRDA:318,15,1,-
DA:319,0
DA:319,0
BRDA:319,16,0,-
BRDA:319,16,1,-
DA:322,0
DA:322,0
DA:323,0
DA:323,0
DA:324,0
DA:324,0
DA:326,0
DA:326,0
DA:329,0
DA:329,0
FN:334,LZEndpointMock.getLengthOfQueue
FNDA:0,LZEndpointMock.getLengthOfQueue
DA:335,0
DA:335,0
FN:339,LZEndpointMock.blockNextMsg
FNDA:0,LZEndpointMock.blockNextMsg
DA:340,0
DA:340,0
FN:343,LZEndpointMock.setDestLzEndpoint
FNDA:0,LZEndpointMock.setDestLzEndpoint
DA:344,0
DA:344,0
FN:347,LZEndpointMock.setRelayerPrice
FNDA:0,LZEndpointMock.setRelayerPrice
DA:354,0
DA:354,0
DA:355,0
DA:355,0
DA:356,0
DA:356,0
DA:357,0
DA:357,0
DA:358,0
DA:358,0
FN:361,LZEndpointMock.setProtocolFee
FNDA:0,LZEndpointMock.setProtocolFee
DA:362,0
DA:362,0
DA:363,0
DA:363,0
FN:366,LZEndpointMock.setOracleFee
FNDA:0,LZEndpointMock.setOracleFee
DA:367,0
DA:367,0
FN:370,LZEndpointMock.setDefaultAdapterParams
FNDA:0,LZEndpointMock.setDefaultAdapterParams
DA:371,0
DA:371,0
FN:376,LZEndpointMock._clearMsgQue
FNDA:0,LZEndpointMock._clearMsgQue
DA:377,0
DA:377,0
DA:380,0
DA:380,0
DA:381,0
DA:381,0
DA:382,0
DA:382,0
DA:383,0
DA:383,0
FN:387,LZEndpointMock._getProtocolFees
FNDA:0,LZEndpointMock._getProtocolFees
DA:392,0
BRDA:392,17,0,-
BRDA:392,17,1,-
DA:393,0
DA:393,0
DA:395,0
DA:395,0
DA:395,0
FN:399,LZEndpointMock._getRelayerFee
FNDA:0,LZEndpointMock._getRelayerFee
DA:406,0
DA:406,0
DA:406,0
DA:407,0
DA:407,0
DA:408,0
DA:408,0
BRDA:408,18,0,-
BRDA:408,18,1,-
DA:409,0
DA:409,0
BRDA:409,19,0,-
BRDA:409,19,1,-
DA:410,0
DA:410,0
DA:413,0
DA:413,0
DA:413,0
DA:414,0
DA:414,0
DA:418,0
DA:418,0
DA:418,0
DA:418,0
DA:421,0
DA:421,0
DA:421,0
DA:423,0
DA:423,0
DA:425,0
DA:425,0
DA:425,0
DA:425,0
FNF:32
FNH:4
LF:116
LH:5
BRF:40
BRH:0
end_of_record
TN:
SF:test/mock/MockOracle.sol
FN:28,MockOracle.
FNDA:0,MockOracle.
DA:29,0
DA:29,0
DA:30,0
DA:30,0
DA:31,0
DA:31,0
DA:31,0
DA:32,0
DA:32,0
BRDA:32,0,0,-
BRDA:32,0,1,-
DA:33,0
DA:33,0
DA:33,0
DA:34,0
DA:34,0
DA:35,0
DA:35,0
DA:36,0
DA:36,0
FN:46,MockOracle.amountOf
FNDA:0,MockOracle.amountOf
DA:47,0
DA:47,0
FN:58,MockOracle.amountOf
FNDA:2613,MockOracle.amountOf
DA:59,2613
DA:59,2613
FN:72,MockOracle.amountOfAtPrice
FNDA:0,MockOracle.amountOfAtPrice
DA:77,0
DA:77,0
FN:85,MockOracle.latestPrice
FNDA:4,MockOracle.latestPrice
DA:86,4
DA:86,4
FN:94,MockOracle.latestPrice
FNDA:0,MockOracle.latestPrice
DA:95,0
DA:95,0
DA:96,0
DA:96,0
FN:106,MockOracle.valueOf
FNDA:0,MockOracle.valueOf
DA:107,0
DA:107,0
FN:118,MockOracle.valueOf
FNDA:3099,MockOracle.valueOf
DA:119,3099
DA:119,3099
FN:132,MockOracle.valueOfAtPrice
FNDA:0,MockOracle.valueOfAtPrice
DA:137,0
DA:137,0
FN:148,MockOracle._valueOf
FNDA:3099,MockOracle._valueOf
DA:149,3099
DA:149,3099
FN:157,MockOracle._latestPrice
FNDA:5712,MockOracle._latestPrice
DA:158,5712
DA:158,5712
FN:167,MockOracle._priceInfo
FNDA:5716,MockOracle._priceInfo
DA:168,5716
DA:168,5716
FNF:12
FNH:6
LF:20
LH:6
BRF:2
BRH:0
end_of_record
TN:
SF:test/mock/MockToken.sol
FN:12,MockToken.
FNDA:0,MockToken.
DA:16,0
DA:16,0
DA:17,0
DA:17,0
BRDA:17,0,0,-
BRDA:17,0,1,-
DA:19,0
DA:19,0
FN:22,MockToken.decimals
FNDA:101,MockToken.decimals
DA:23,101
DA:23,101
FN:26,MockToken.mint
FNDA:0,MockToken.mint
DA:27,0
DA:27,0
FN:30,MockToken.mint
FNDA:102,MockToken.mint
DA:31,102
DA:31,102
FNF:4
FNH:2
LF:6
LH:2
BRF:2
BRH:0
end_of_record
TN:
SF:test/mock/MockUSDT.sol
FN:9,MockUSDT.
FNDA:0,MockUSDT.
DA:10,0
DA:10,0
FN:13,MockUSDT.decimals
FNDA:0,MockUSDT.decimals
DA:14,0
DA:14,0
FN:17,MockUSDT.mint
FNDA:0,MockUSDT.mint
DA:18,0
DA:18,0
FNF:3
FNH:0
LF:3
LH:0
BRF:0
BRH:0
end_of_record
TN:
SF:test/mock/libraries/LzLib.sol
FN:21,LzLib.buildAdapterParams
FNDA:0,LzLib.buildAdapterParams
DA:26,0
DA:26,0
DA:26,0
DA:26,0
DA:26,0
BRDA:26,0,0,-
BRDA:26,0,1,-
DA:27,0
DA:27,0
DA:29,0
DA:29,0
FN:34,LzLib.buildDefaultAdapterParams
FNDA:42,LzLib.buildDefaultAdapterParams
DA:38,42
DA:38,42
DA:38,42
FN:41,LzLib.buildAirdropAdapterParams
FNDA:0,LzLib.buildAirdropAdapterParams
DA:46,0
DA:46,0
BRDA:46,1,0,-
BRDA:46,1,1,-
DA:47,0
DA:47,0
BRDA:47,2,0,-
BRDA:47,2,1,-
DA:52,0
DA:52,0
DA:52,0
FN:55,LzLib.getGasLimit
FNDA:0,LzLib.getGasLimit
DA:56,0
DA:56,0
BRDA:56,3,0,-
BRDA:56,3,1,-
DA:58,0
DA:58,0
FN:63,LzLib.decodeAdapterParams
FNDA:0,LzLib.decodeAdapterParams
DA:68,0
DA:68,0
BRDA:68,4,0,-
BRDA:68,4,1,-
DA:70,0
DA:70,0
DA:71,0
DA:71,0
DA:73,0
DA:73,0
BRDA:73,5,0,-
BRDA:73,5,1,-
DA:74,0
DA:74,0
BRDA:74,6,0,-
BRDA:74,6,1,-
DA:76,0
DA:76,0
BRDA:76,7,0,-
BRDA:76,7,1,-
DA:78,0
DA:78,0
DA:79,0
DA:79,0
FN:86,LzLib.bytes32ToAddress
FNDA:0,LzLib.bytes32ToAddress
DA:87,0
DA:87,0
DA:87,0
FN:90,LzLib.addressToBytes32
FNDA:0,LzLib.addressToBytes32
DA:91,0
DA:91,0
DA:91,0
FNF:7
FNH:1
LF:19
LH:1
BRF:16
BRH:0
end_of_record
TN:
SF:test/utils/SigUtils.sol
FN:7,SigUtils.
FNDA:0,SigUtils.
DA:8,0
DA:8,0
FN:22,SigUtils.getStructHash
FNDA:0,SigUtils.getStructHash
DA:23,0
DA:23,0
DA:23,0
FN:29,SigUtils.getTypedDataHash
FNDA:0,SigUtils.getTypedDataHash
DA:30,0
DA:30,0
DA:30,0
FNF:3
FNH:0
LF:3
LH:0
BRF:0
BRH:0
end_of_record
TN:
SF:test/utils/Utils.sol
FN:9,Utils.getNextUserAddress
FNDA:0,Utils.getNextUserAddress
DA:10,0
DA:10,0
DA:10,0
DA:11,0
DA:11,0
DA:12,0
DA:12,0
FN:16,Utils.createUsers
FNDA:0,Utils.createUsers
DA:17,0
DA:17,0
DA:17,0
DA:18,0
DA:18,0
DA:18,0
DA:18,0
DA:19,0
DA:19,0
DA:19,0
DA:20,0
DA:20,0
DA:21,0
DA:21,0
DA:24,0
DA:24,0
FN:28,Utils.mineBlocks
FNDA:0,Utils.mineBlocks
DA:29,0
DA:29,0
DA:29,0
DA:30,0
DA:30,0
FNF:3
FNH:0
LF:11
LH:0
BRF:0
BRH:0
end_of_record
